#
# There is insufficient memory for the Java Runtime Environment to continue.
# Native memory allocation (mmap) failed to map 132120576 bytes for G1 virtual space
# Possible reasons:
#   The system is out of physical RAM or swap space
#   The process is running with CompressedOops enabled, and the Java Heap may be blocking the growth of the native heap
# Possible solutions:
#   Reduce memory load on the system
#   Increase physical memory or swap space
#   Check if swap backing store is full
#   Decrease Java heap size (-Xmx/-Xms)
#   Decrease number of Java threads
#   Decrease Java thread stack sizes (-Xss)
#   Set larger code cache with -XX:ReservedCodeCacheSize=
#   JVM is running with Unscaled Compressed Oops mode in which the Java heap is
#     placed in the first 4GB address space. The Java Heap base address is the
#     maximum limit for the native heap growth. Please use -XX:HeapBaseMinAddress
#     to set the Java Heap base and to place the Java Heap above 4GB virtual address.
# This output file may be truncated or incomplete.
#
#  Out of Memory Error (os_windows.cpp:3559), pid=14380, tid=11632
#
# JRE version:  (17.0.7+7) (build )
# Java VM: OpenJDK 64-Bit Server VM (17.0.7+7, mixed mode, emulated-client, sharing, tiered, compressed oops, compressed class ptrs, g1 gc, windows-amd64)
# No core dump will be written. Minidumps are not enabled by default on client versions of Windows
#

---------------  S U M M A R Y ------------

Command Line: -Dcom.sun.management.jmxremote -Dcom.sun.management.jmxremote.port=61908 -Dcom.sun.management.jmxremote.authenticate=false -Dcom.sun.management.jmxremote.ssl=false -Djava.rmi.server.hostname=localhost -Dspring.jmx.enabled=true -Dmanagement.endpoints.jmx.exposure.include=* -Dspring.application.admin.enabled=true -XX:TieredStopAtLevel=1 -Dspring.boot.project.name=shin -Dfile.encoding=UTF-8 -XX:+ShowCodeDetailsInExceptionMessages com.example.shin.ShinApplication --spring.output.ansi.enabled=always

Host: Intel(R) Core(TM) i5-6200U CPU @ 2.30GHz, 4 cores, 7G,  Windows 10 , 64 bit Build 19041 (10.0.19041.2546)
Time: Tue Jul  4 13:46:54 2023  Windows 10 , 64 bit Build 19041 (10.0.19041.2546) elapsed time: 0.019997 seconds (0d 0h 0m 0s)

---------------  T H R E A D  ---------------

Current thread (0x0000029522a98cd0):  JavaThread "Unknown thread" [_thread_in_vm, id=11632, stack(0x000000edb6000000,0x000000edb6100000)]

Stack: [0x000000edb6000000,0x000000edb6100000]
Native frames: (J=compiled Java code, j=interpreted, Vv=VM code, C=native code)
V  [jvm.dll+0x67754a]
V  [jvm.dll+0x834304]
V  [jvm.dll+0x835aae]
V  [jvm.dll+0x836113]
V  [jvm.dll+0x24696f]
V  [jvm.dll+0x6743f9]
V  [jvm.dll+0x668c8a]
V  [jvm.dll+0x3061bb]
V  [jvm.dll+0x30d6a6]
V  [jvm.dll+0x35cece]
V  [jvm.dll+0x35d0ff]
V  [jvm.dll+0x2dd048]
V  [jvm.dll+0x2ddfb4]
V  [jvm.dll+0x8066d1]
V  [jvm.dll+0x36ac91]
V  [jvm.dll+0x7e5cec]
V  [jvm.dll+0x3ed56f]
V  [jvm.dll+0x3ef0a1]
C  [jli.dll+0x528b]
C  [ucrtbase.dll+0x21bb2]
C  [KERNEL32.DLL+0x17614]
C  [ntdll.dll+0x526a1]


---------------  P R O C E S S  ---------------

Threads class SMR info:
_java_thread_list=0x00007ffde08b7018, length=0, elements={
}

Java Threads: ( => current thread )

Other Threads:
  0x0000029522af3ab0 GCTaskThread "GC Thread#0" [stack: 0x000000edb6100000,0x000000edb6200000] [id=2052]
  0x0000029522b04b20 ConcurrentGCThread "G1 Main Marker" [stack: 0x000000edb6200000,0x000000edb6300000] [id=10736]
  0x0000029522b05340 ConcurrentGCThread "G1 Conc#0" [stack: 0x000000edb6300000,0x000000edb6400000] [id=8728]

[error occurred during error reporting (printing all threads), id 0xc0000005, EXCEPTION_ACCESS_VIOLATION (0xc0000005) at pc=0x00007ffde008daf7]

VM state: not at safepoint (not fully initialized)

VM Mutex/Monitor currently owned by a thread:  ([mutex/lock_event])
[0x0000029522a84470] Heap_lock - owner thread: 0x0000029522a98cd0

Heap address: 0x0000000082400000, size: 2012 MB, Compressed Oops mode: 32-bit

CDS archive(s) mapped at: [0x0000000000000000-0x0000000000000000-0x0000000000000000), size 0, SharedBaseAddress: 0x0000000800000000, ArchiveRelocationMode: 0.
Narrow klass base: 0x0000000000000000, Narrow klass shift: 0, Narrow klass range: 0x0

GC Precious Log:
<Empty>

Heap:
 garbage-first heap   total 0K, used 0K [0x0000000082400000, 0x0000000100000000)
  region size 1024K, 0 young (0K), 0 survivors (0K)

[error occurred during error reporting (printing heap information), id 0xc0000005, EXCEPTION_ACCESS_VIOLATION (0xc0000005) at pc=0x00007ffde0470db9]

GC Heap History (0 events):
No events

Dll operation events (1 events):
Event: 0.012 Loaded shared library C:\Users\unipoint\Downloads\sts-4.19.0.RELEASE\plugins\org.eclipse.justj.openjdk.hotspot.jre.full.win32.x86_64_17.0.7.v20230425-1502\jre\bin\java.dll

Deoptimization events (0 events):
No events

Classes unloaded (0 events):
No events

Classes redefined (0 events):
No events

Internal exceptions (0 events):
No events

VM Operations (0 events):
No events

Events (0 events):
No events


Dynamic libraries:
0x00007ff644650000 - 0x00007ff64465e000 	C:\Users\unipoint\Downloads\sts-4.19.0.RELEASE\plugins\org.eclipse.justj.openjdk.hotspot.jre.full.win32.x86_64_17.0.7.v20230425-1502\jre\bin\javaw.exe
0x00007ffe316f0000 - 0x00007ffe318e8000 	C:\WINDOWS\SYSTEM32\ntdll.dll
0x00007ffe31330000 - 0x00007ffe313ef000 	C:\WINDOWS\System32\KERNEL32.DLL
0x00007ffe2f000000 - 0x00007ffe2f2d2000 	C:\WINDOWS\System32\KERNELBASE.dll
0x00007ffe2f610000 - 0x00007ffe2f710000 	C:\WINDOWS\System32\ucrtbase.dll
0x00007ffe0d2e0000 - 0x00007ffe0d2f7000 	C:\Users\unipoint\Downloads\sts-4.19.0.RELEASE\plugins\org.eclipse.justj.openjdk.hotspot.jre.full.win32.x86_64_17.0.7.v20230425-1502\jre\bin\jli.dll
0x00007ffe087c0000 - 0x00007ffe087d9000 	C:\Users\unipoint\Downloads\sts-4.19.0.RELEASE\plugins\org.eclipse.justj.openjdk.hotspot.jre.full.win32.x86_64_17.0.7.v20230425-1502\jre\bin\VCRUNTIME140.dll
0x00007ffe31100000 - 0x00007ffe312a1000 	C:\WINDOWS\System32\USER32.dll
0x00007ffe2f710000 - 0x00007ffe2f732000 	C:\WINDOWS\System32\win32u.dll
0x00007ffe2f8f0000 - 0x00007ffe2f91b000 	C:\WINDOWS\System32\GDI32.dll
0x00007ffe1d160000 - 0x00007ffe1d3fa000 	C:\WINDOWS\WinSxS\amd64_microsoft.windows.common-controls_6595b64144ccf1df_6.0.19041.1110_none_60b5254171f9507e\COMCTL32.dll
0x00007ffe2f440000 - 0x00007ffe2f54f000 	C:\WINDOWS\System32\gdi32full.dll
0x00007ffe30ec0000 - 0x00007ffe30f5e000 	C:\WINDOWS\System32\msvcrt.dll
0x00007ffe2ee60000 - 0x00007ffe2eefd000 	C:\WINDOWS\System32\msvcp_win.dll
0x00007ffe30b30000 - 0x00007ffe30b60000 	C:\WINDOWS\System32\IMM32.DLL
0x00007ffe0f1a0000 - 0x00007ffe0f1ac000 	C:\Users\unipoint\Downloads\sts-4.19.0.RELEASE\plugins\org.eclipse.justj.openjdk.hotspot.jre.full.win32.x86_64_17.0.7.v20230425-1502\jre\bin\vcruntime140_1.dll
0x00007ffe084b0000 - 0x00007ffe08541000 	C:\Users\unipoint\Downloads\sts-4.19.0.RELEASE\plugins\org.eclipse.justj.openjdk.hotspot.jre.full.win32.x86_64_17.0.7.v20230425-1502\jre\bin\msvcp140.dll
0x00007ffddfda0000 - 0x00007ffde09e8000 	C:\Users\unipoint\Downloads\sts-4.19.0.RELEASE\plugins\org.eclipse.justj.openjdk.hotspot.jre.full.win32.x86_64_17.0.7.v20230425-1502\jre\bin\server\jvm.dll
0x00007ffe30d60000 - 0x00007ffe30e0e000 	C:\WINDOWS\System32\ADVAPI32.dll
0x00007ffe2fd90000 - 0x00007ffe2fe2c000 	C:\WINDOWS\System32\sechost.dll
0x00007ffe302b0000 - 0x00007ffe303d4000 	C:\WINDOWS\System32\RPCRT4.dll
0x00007ffe28520000 - 0x00007ffe28529000 	C:\WINDOWS\SYSTEM32\WSOCK32.dll
0x00007ffe0d370000 - 0x00007ffe0d397000 	C:\WINDOWS\SYSTEM32\WINMM.dll
0x00007ffe30b60000 - 0x00007ffe30bcb000 	C:\WINDOWS\System32\WS2_32.dll
0x00007ffe27d40000 - 0x00007ffe27d4a000 	C:\WINDOWS\SYSTEM32\VERSION.dll
0x00007ffe2ccb0000 - 0x00007ffe2ccc2000 	C:\WINDOWS\SYSTEM32\kernel.appcore.dll
0x00007ffe0e880000 - 0x00007ffe0e88a000 	C:\Users\unipoint\Downloads\sts-4.19.0.RELEASE\plugins\org.eclipse.justj.openjdk.hotspot.jre.full.win32.x86_64_17.0.7.v20230425-1502\jre\bin\jimage.dll
0x00007ffe16d00000 - 0x00007ffe16ee4000 	C:\WINDOWS\SYSTEM32\DBGHELP.DLL
0x00007ffe16c70000 - 0x00007ffe16ca5000 	C:\WINDOWS\SYSTEM32\dbgcore.DLL
0x00007ffe2f580000 - 0x00007ffe2f602000 	C:\WINDOWS\System32\bcryptPrimitives.dll
0x00007ffe0cc70000 - 0x00007ffe0cc95000 	C:\Users\unipoint\Downloads\sts-4.19.0.RELEASE\plugins\org.eclipse.justj.openjdk.hotspot.jre.full.win32.x86_64_17.0.7.v20230425-1502\jre\bin\java.dll

dbghelp: loaded successfully - version: 4.0.5 - missing functions: none
symbol engine: initialized successfully - sym options: 0x614 - pdb path: .;C:\Users\unipoint\Downloads\sts-4.19.0.RELEASE\plugins\org.eclipse.justj.openjdk.hotspot.jre.full.win32.x86_64_17.0.7.v20230425-1502\jre\bin;C:\WINDOWS\SYSTEM32;C:\WINDOWS\WinSxS\amd64_microsoft.windows.common-controls_6595b64144ccf1df_6.0.19041.1110_none_60b5254171f9507e;C:\Users\unipoint\Downloads\sts-4.19.0.RELEASE\plugins\org.eclipse.justj.openjdk.hotspot.jre.full.win32.x86_64_17.0.7.v20230425-1502\jre\bin\server

VM Arguments:
jvm_args: -Dcom.sun.management.jmxremote -Dcom.sun.management.jmxremote.port=61908 -Dcom.sun.management.jmxremote.authenticate=false -Dcom.sun.management.jmxremote.ssl=false -Djava.rmi.server.hostname=localhost -Dspring.jmx.enabled=true -Dmanagement.endpoints.jmx.exposure.include=* -Dspring.application.admin.enabled=true -XX:TieredStopAtLevel=1 -Dspring.boot.project.name=shin -Dfile.encoding=UTF-8 -XX:+ShowCodeDetailsInExceptionMessages 
java_command: com.example.shin.ShinApplication --spring.output.ansi.enabled=always
java_class_path (initial): C:\Users\unipoint\Documents\workspace-spring-tool-suite-4-4.19.0.RELEASE\shin\bin\main;C:\Users\unipoint\.gradle\caches\modules-2\files-2.1\org.projectlombok\lombok\1.18.28\a2ff5da8bcd8b1b26f36b806ced63213362c6dcc\lombok-1.18.28.jar;C:\Users\unipoint\.gradle\caches\modules-2\files-2.1\org.springframework.boot\spring-boot-configuration-processor\3.1.1\aa13cb8ae0314bb67f9c75e66042a7001b5e406c\spring-boot-configuration-processor-3.1.1.jar;C:\Users\unipoint\.gradle\caches\modules-2\files-2.1\org.springframework.boot\spring-boot-starter-data-jpa\3.1.1\f129ea070d7d7152c984189301dc751be45f9a38\spring-boot-starter-data-jpa-3.1.1.jar;C:\Users\unipoint\.gradle\caches\modules-2\files-2.1\org.springframework.boot\spring-boot-starter-thymeleaf\3.1.1\69e351b19ee4fa37ff7cb851354498a880b5a937\spring-boot-starter-thymeleaf-3.1.1.jar;C:\Users\unipoint\.gradle\caches\modules-2\files-2.1\org.springframework.boot\spring-boot-starter-web\3.1.1\f2c2d9e35430e4b4a98ad91780bb9b2d1deec08\spring-boot-starter-web-3.1.1.jar;C:\Users\unipoint\.gradle\caches\modules-2\files-2.1\org.mybatis.spring.boot\mybatis-spring-boot-starter\3.0.2\ce77d2e35909ee4dc2d4371f18b7d2b937f2883e\mybatis-spring-boot-starter-3.0.2.jar;C:\Users\unipoint\.gradle\caches\modules-2\files-2.1\nz.net.ultraq.thymeleaf\thymeleaf-layout-dialect\3.2.1\526f2e950a4d67ea49198f9ea5b4ec303ed002c2\thymeleaf-layout-dialect-3.2.1.jar;C:\Users\unipoint\.gradle\caches\modules-2\files-2.1\org.apache.tomcat.embed\tomcat-embed-jasper\10.1.10\ead0c076eee307b101d8895df9f079c0981352e7\tomcat-embed-jasper-10.1.10.jar;C:\Users\unipoint\.gradle\caches\modules-2\files-2.1\org.mariadb.jdbc\mariadb-java-client\3.1.4\7f66d1f5afcacdb11ba34d2614933a206afbcff2\mariadb-java-client-3.1.4.jar;C:\Users\unipoint\.gradle\caches\modules-2\files-2.1\org.springframework.boot\spring-boot-starter-aop\3.1.1\f72362878ded668b8c3a12f8465ced98ef3fb188\spring-boot-starter-aop-3.1.1.jar;C:\Users\unipoint\.gradle\caches\modules-2\files-2.1\org.sp
Launcher Type: SUN_STANDARD

[Global flags]
     intx CICompilerCount                          = 3                                         {product} {ergonomic}
     uint ConcGCThreads                            = 1                                         {product} {ergonomic}
     uint G1ConcRefinementThreads                  = 4                                         {product} {ergonomic}
   size_t G1HeapRegionSize                         = 1048576                                   {product} {ergonomic}
    uintx GCDrainStackTargetSize                   = 64                                        {product} {ergonomic}
   size_t InitialHeapSize                          = 132120576                                 {product} {ergonomic}
     bool ManagementServer                         = true                                      {product} {command line}
   size_t MarkStackSize                            = 4194304                                   {product} {ergonomic}
   size_t MaxHeapSize                              = 2109734912                                {product} {ergonomic}
   size_t MinHeapDeltaBytes                        = 1048576                                   {product} {ergonomic}
   size_t MinHeapSize                              = 8388608                                   {product} {ergonomic}
    uintx NonProfiledCodeHeapSize                  = 0                                      {pd product} {ergonomic}
     bool ProfileInterpreter                       = false                                  {pd product} {command line}
    uintx ProfiledCodeHeapSize                     = 0                                      {pd product} {ergonomic}
     bool ShowCodeDetailsInExceptionMessages       = true                                   {manageable} {command line}
   size_t SoftMaxHeapSize                          = 2109734912                             {manageable} {ergonomic}
     intx TieredStopAtLevel                        = 1                                         {product} {command line}
     bool UseCompressedClassPointers               = true                           {product lp64_product} {ergonomic}
     bool UseCompressedOops                        = true                           {product lp64_product} {ergonomic}
     bool UseG1GC                                  = true                                      {product} {ergonomic}
     bool UseLargePagesIndividualAllocation        = false                                  {pd product} {ergonomic}

Logging:
Log output configuration:
 #0: stdout all=warning uptime,level,tags
 #1: stderr all=off uptime,level,tags

Environment Variables:
JAVA_HOME=C:\Program Files\Java\jdk-15.0.2
PATH=C:/Users/unipoint/Downloads/sts-4.19.0.RELEASE//plugins/org.eclipse.justj.openjdk.hotspot.jre.full.win32.x86_64_17.0.7.v20230425-1502/jre/bin/server;C:/Users/unipoint/Downloads/sts-4.19.0.RELEASE//plugins/org.eclipse.justj.openjdk.hotspot.jre.full.win32.x86_64_17.0.7.v20230425-1502/jre/bin;C:\Program Files\Common Files\Oracle\Java\javapath;C:\WINDOWS\system32;C:\WINDOWS;C:\WINDOWS\System32\Wbem;C:\WINDOWS\System32\WindowsPowerShell\v1.0\;C:\WINDOWS\System32\OpenSSH\;C:\Program Files\Git\cmd;C:\Program Files (x86)\PuTTY\;C:\dev_util\apache-maven-3.2.5\bin;C:\Program Files\Java\jdk-15.0.2\bin;C:\Users\unipoint\AppData\Local\Microsoft\WindowsApps;C:\Program Files (x86)\IDM Computer Solutions\UltraEdit\;C:\Users\unipoint\Downloads\sts-4.19.0.RELEASE;
USERNAME=unipoint
OS=Windows_NT
PROCESSOR_IDENTIFIER=Intel64 Family 6 Model 78 Stepping 3, GenuineIntel
TMP=C:\Users\unipoint\AppData\Local\Temp
TEMP=C:\Users\unipoint\AppData\Local\Temp



---------------  S Y S T E M  ---------------

OS:
 Windows 10 , 64 bit Build 19041 (10.0.19041.2546)
OS uptime: 104 days 0:12 hours

CPU: total 4 (initial active 4) (2 cores per cpu, 2 threads per core) family 6 model 78 stepping 3 microcode 0xcc, cx8, cmov, fxsr, ht, mmx, 3dnowpref, sse, sse2, sse3, ssse3, sse4.1, sse4.2, popcnt, lzcnt, tsc, tscinvbit, avx, avx2, aes, erms, clmul, bmi1, bmi2, adx, fma, vzeroupper, clflush, clflushopt

Memory: 4k page, system-wide physical 8045M (707M free)
TotalPageFile size 23226M (AvailPageFile size 64M)
current process WorkingSet (physical memory assigned to process): 10M, peak: 10M
current process commit charge ("private bytes"): 46M, peak: 172M

vm_info: OpenJDK 64-Bit Server VM (17.0.7+7) for windows-amd64 JRE (17.0.7+7), built on Apr 18 2023 22:10:42 by "temurin" with MS VC++ 16.7 (VS2019)

END.
