#
# There is insufficient memory for the Java Runtime Environment to continue.
# Native memory allocation (malloc) failed to allocate 1048576 bytes for AllocateHeap
# Possible reasons:
#   The system is out of physical RAM or swap space
#   The process is running with CompressedOops enabled, and the Java Heap may be blocking the growth of the native heap
# Possible solutions:
#   Reduce memory load on the system
#   Increase physical memory or swap space
#   Check if swap backing store is full
#   Decrease Java heap size (-Xmx/-Xms)
#   Decrease number of Java threads
#   Decrease Java thread stack sizes (-Xss)
#   Set larger code cache with -XX:ReservedCodeCacheSize=
#   JVM is running with Unscaled Compressed Oops mode in which the Java heap is
#     placed in the first 4GB address space. The Java Heap base address is the
#     maximum limit for the native heap growth. Please use -XX:HeapBaseMinAddress
#     to set the Java Heap base and to place the Java Heap above 4GB virtual address.
# This output file may be truncated or incomplete.
#
#  Out of Memory Error (allocation.cpp:44), pid=14984, tid=15996
#
# JRE version: OpenJDK Runtime Environment Temurin-17.0.7+7 (17.0.7+7) (build 17.0.7+7)
# Java VM: OpenJDK 64-Bit Server VM Temurin-17.0.7+7 (17.0.7+7, mixed mode, emulated-client, tiered, compressed oops, compressed class ptrs, g1 gc, windows-amd64)
# No core dump will be written. Minidumps are not enabled by default on client versions of Windows
#

---------------  S U M M A R Y ------------

Command Line: -Dcom.sun.management.jmxremote -Dcom.sun.management.jmxremote.port=49490 -Dcom.sun.management.jmxremote.authenticate=false -Dcom.sun.management.jmxremote.ssl=false -Djava.rmi.server.hostname=localhost -Dspring.jmx.enabled=true -Dmanagement.endpoints.jmx.exposure.include=* -Dspring.application.admin.enabled=true -XX:TieredStopAtLevel=1 -Dspring.boot.project.name=shin -Dfile.encoding=UTF-8 -XX:+ShowCodeDetailsInExceptionMessages com.example.shin.ShinApplication --spring.output.ansi.enabled=always

Host: Intel(R) Core(TM) i5-6200U CPU @ 2.30GHz, 4 cores, 7G,  Windows 10 , 64 bit Build 19041 (10.0.19041.2546)
Time: Wed Jul  5 17:07:26 2023  Windows 10 , 64 bit Build 19041 (10.0.19041.2546) elapsed time: 651.009355 seconds (0d 0h 10m 51s)

---------------  T H R E A D  ---------------

Current thread (0x00000237d8606550):  VMThread "VM Thread" [stack: 0x0000005a4a600000,0x0000005a4a700000] [id=15996]

Stack: [0x0000005a4a600000,0x0000005a4a700000]
Native frames: (J=compiled Java code, j=interpreted, Vv=VM code, C=native code)
V  [jvm.dll+0x67754a]
V  [jvm.dll+0x834304]
V  [jvm.dll+0x835aae]
V  [jvm.dll+0x836113]
V  [jvm.dll+0x24696f]
V  [jvm.dll+0xa681f]
V  [jvm.dll+0x2f73f3]
V  [jvm.dll+0x2f30f0]
V  [jvm.dll+0x2db6c7]
V  [jvm.dll+0x31e777]
V  [jvm.dll+0x83a5bb]
V  [jvm.dll+0x83b2f4]
V  [jvm.dll+0x83b80c]
V  [jvm.dll+0x83bbe4]
V  [jvm.dll+0x83bcb0]
V  [jvm.dll+0x7e4e7a]
V  [jvm.dll+0x676395]
C  [ucrtbase.dll+0x21bb2]
C  [KERNEL32.DLL+0x17614]
C  [ntdll.dll+0x526a1]

VM_Operation (0x0000005a4b0ff370): G1CollectFull, mode: safepoint, requested by thread 0x00000237de859a10


---------------  P R O C E S S  ---------------

Threads class SMR info:
_java_thread_list=0x00000237df6d8ae0, length=20, elements={
0x00000237d861c260, 0x00000237d861d260, 0x00000237d865d020, 0x00000237d8635340,
0x00000237d8636c10, 0x00000237d86374d0, 0x00000237d8638ad0, 0x00000237d8681e30,
0x00000237d8740050, 0x00000237d8838010, 0x00000237dd460be0, 0x00000237dd473f40,
0x00000237dd2cb5a0, 0x00000237dd801410, 0x00000237dd8005a0, 0x00000237dd802280,
0x00000237dd803a90, 0x00000237de85d3d0, 0x00000237de85cf00, 0x00000237de859a10
}

Java Threads: ( => current thread )
  0x00000237d861c260 JavaThread "Reference Handler" daemon [_thread_blocked, id=14024, stack(0x0000005a4a700000,0x0000005a4a800000)]
  0x00000237d861d260 JavaThread "Finalizer" daemon [_thread_blocked, id=7352, stack(0x0000005a4a800000,0x0000005a4a900000)]
  0x00000237d865d020 JavaThread "Signal Dispatcher" daemon [_thread_blocked, id=8880, stack(0x0000005a4a900000,0x0000005a4aa00000)]
  0x00000237d8635340 JavaThread "Attach Listener" daemon [_thread_blocked, id=11136, stack(0x0000005a4aa00000,0x0000005a4ab00000)]
  0x00000237d8636c10 JavaThread "Service Thread" daemon [_thread_blocked, id=14748, stack(0x0000005a4ab00000,0x0000005a4ac00000)]
  0x00000237d86374d0 JavaThread "Monitor Deflation Thread" daemon [_thread_blocked, id=11720, stack(0x0000005a4ac00000,0x0000005a4ad00000)]
  0x00000237d8638ad0 JavaThread "C1 CompilerThread0" daemon [_thread_blocked, id=3452, stack(0x0000005a4ad00000,0x0000005a4ae00000)]
  0x00000237d8681e30 JavaThread "Sweeper thread" daemon [_thread_blocked, id=8644, stack(0x0000005a4ae00000,0x0000005a4af00000)]
  0x00000237d8740050 JavaThread "Common-Cleaner" daemon [_thread_blocked, id=8808, stack(0x0000005a4af00000,0x0000005a4b000000)]
  0x00000237d8838010 JavaThread "Notification Thread" daemon [_thread_blocked, id=244, stack(0x0000005a4b100000,0x0000005a4b200000)]
  0x00000237dd460be0 JavaThread "RMI TCP Accept-0" daemon [_thread_in_native, id=12216, stack(0x0000005a4b200000,0x0000005a4b300000)]
  0x00000237dd473f40 JavaThread "RMI TCP Accept-49490" daemon [_thread_in_native, id=15932, stack(0x0000005a4b300000,0x0000005a4b400000)]
  0x00000237dd2cb5a0 JavaThread "RMI TCP Accept-0" daemon [_thread_in_native, id=9208, stack(0x0000005a4ba00000,0x0000005a4bb00000)]
  0x00000237dd801410 JavaThread "RMI Scheduler(0)" daemon [_thread_blocked, id=15340, stack(0x0000005a4bd00000,0x0000005a4be00000)]
  0x00000237dd8005a0 JavaThread "RMI TCP Connection(idle)" daemon [_thread_blocked, id=3936, stack(0x0000005a4be00000,0x0000005a4bf00000)]
  0x00000237dd802280 JavaThread "JMX server connection timeout 21" daemon [_thread_blocked, id=15640, stack(0x0000005a4bf00000,0x0000005a4c000000)]
  0x00000237dd803a90 JavaThread "mysql-cj-abandoned-connection-cleanup" daemon [_thread_blocked, id=11932, stack(0x0000005a4c600000,0x0000005a4c700000)]
  0x00000237de85d3d0 JavaThread "Live Reload Server" daemon [_thread_in_native, id=16236, stack(0x0000005a4cc00000,0x0000005a4cd00000)]
  0x00000237de85cf00 JavaThread "DestroyJavaVM" [_thread_blocked, id=15048, stack(0x0000005a4a000000,0x0000005a4a100000)]
  0x00000237de859a10 JavaThread "Thread-19" [_thread_blocked, id=10516, stack(0x0000005a4b000000,0x0000005a4b100000)]

Other Threads:
=>0x00000237d8606550 VMThread "VM Thread" [stack: 0x0000005a4a600000,0x0000005a4a700000] [id=15996]
  0x00000237cb22de10 WatcherThread [stack: 0x0000005a4bb00000,0x0000005a4bc00000] [id=14796]
  0x00000237cb2112c0 GCTaskThread "GC Thread#0" [stack: 0x0000005a4a100000,0x0000005a4a200000] [id=15516]
  0x00000237dd475420 GCTaskThread "GC Thread#1" [stack: 0x0000005a4b400000,0x0000005a4b500000] [id=15600]
  0x00000237dd4c7910 GCTaskThread "GC Thread#2" [stack: 0x0000005a4b500000,0x0000005a4b600000] [id=9892]
  0x00000237dd53ba30 GCTaskThread "GC Thread#3" [stack: 0x0000005a4b600000,0x0000005a4b700000] [id=2756]
  0x00000237cb222430 ConcurrentGCThread "G1 Main Marker" [stack: 0x0000005a4a200000,0x0000005a4a300000] [id=4960]
  0x00000237cb222d50 ConcurrentGCThread "G1 Conc#0" [stack: 0x0000005a4a300000,0x0000005a4a400000] [id=436]
  0x00000237d84524c0 ConcurrentGCThread "G1 Refine#0" [stack: 0x0000005a4a400000,0x0000005a4a500000] [id=13696]
  0x00000237d8975d10 ConcurrentGCThread "G1 Refine#1" [stack: 0x0000005a4b700000,0x0000005a4b800000] [id=4628]
  0x00000237d8975ff0 ConcurrentGCThread "G1 Refine#2" [stack: 0x0000005a4b800000,0x0000005a4b900000] [id=15936]
  0x00000237d89762d0 ConcurrentGCThread "G1 Refine#3" [stack: 0x0000005a4b900000,0x0000005a4ba00000] [id=3616]
  0x00000237d8452df0 ConcurrentGCThread "G1 Service" [stack: 0x0000005a4a500000,0x0000005a4a600000] [id=15524]

Threads with active compile tasks:
C1 CompilerThread0   651049 7820   !   1       sun.nio.ch.NioSocketImpl::beginRead (30 bytes)

VM state: at safepoint (normal execution)

VM Mutex/Monitor currently owned by a thread:  ([mutex/lock_event])
[0x00000237cb1b2860] Threads_lock - owner thread: 0x00000237d8606550
[0x00000237cb1b1f60] Heap_lock - owner thread: 0x00000237de859a10

Heap address: 0x0000000082400000, size: 2012 MB, Compressed Oops mode: 32-bit

CDS archive(s) not mapped
Compressed class space mapped at: 0x0000000100000000-0x0000000140000000, reserved size: 1073741824
Narrow klass base: 0x0000000000000000, Narrow klass shift: 3, Narrow klass range: 0x140000000

GC Precious Log:
 CPUs: 4 total, 4 available
 Memory: 8045M
 Large Page Support: Disabled
 NUMA Support: Disabled
 Compressed Oops: Enabled (32-bit)
 Heap Region Size: 1M
 Heap Min Capacity: 8M
 Heap Initial Capacity: 126M
 Heap Max Capacity: 2012M
 Pre-touch: Disabled
 Parallel Workers: 4
 Concurrent Workers: 1
 Concurrent Refinement Workers: 4
 Periodic GC: Disabled

Heap:
 garbage-first heap   total 200704K, used 38044K [0x0000000082400000, 0x0000000100000000)
  region size 1024K, 12 young (12288K), 5 survivors (5120K)
 Metaspace       used 74743K, committed 75392K, reserved 1179648K
  class space    used 9492K, committed 9792K, reserved 1048576K

Heap Regions: E=young(eden), S=young(survivor), O=old, HS=humongous(starts), HC=humongous(continues), CS=collection set, F=free, OA=open archive, CA=closed archive, TAMS=top-at-mark-start (previous, next)
|   0|0x0000000082400000, 0x0000000082500000, 0x0000000082500000|100%|HS|  |TAMS 0x0000000082500000, 0x0000000082400000| Untracked 
|   1|0x0000000082500000, 0x00000000825ff1e0, 0x0000000082600000| 99%| O|  |TAMS 0x00000000825ff1e0, 0x0000000082500000| Untracked 
|   2|0x0000000082600000, 0x0000000082700000, 0x0000000082700000|100%| O|  |TAMS 0x0000000082700000, 0x0000000082600000| Untracked 
|   3|0x0000000082700000, 0x00000000827fffe0, 0x0000000082800000| 99%| O|  |TAMS 0x00000000827fffe0, 0x0000000082700000| Untracked 
|   4|0x0000000082800000, 0x0000000082900000, 0x0000000082900000|100%| O|  |TAMS 0x0000000082900000, 0x0000000082800000| Untracked 
|   5|0x0000000082900000, 0x00000000829ff658, 0x0000000082a00000| 99%| O|  |TAMS 0x00000000829ff658, 0x0000000082900000| Untracked 
|   6|0x0000000082a00000, 0x0000000082b00000, 0x0000000082b00000|100%| O|  |TAMS 0x0000000082b00000, 0x0000000082a00000| Untracked 
|   7|0x0000000082b00000, 0x0000000082bffff8, 0x0000000082c00000| 99%| O|  |TAMS 0x0000000082bffff8, 0x0000000082b00000| Untracked 
|   8|0x0000000082c00000, 0x0000000082cffff8, 0x0000000082d00000| 99%| O|  |TAMS 0x0000000082cffff8, 0x0000000082c00000| Untracked 
|   9|0x0000000082d00000, 0x0000000082dffff8, 0x0000000082e00000| 99%| O|  |TAMS 0x0000000082dffff8, 0x0000000082d00000| Untracked 
|  10|0x0000000082e00000, 0x0000000082efffa8, 0x0000000082f00000| 99%| O|  |TAMS 0x0000000082efffa8, 0x0000000082e00000| Untracked 
|  11|0x0000000082f00000, 0x0000000082fffff0, 0x0000000083000000| 99%| O|  |TAMS 0x0000000082fffff0, 0x0000000082f00000| Untracked 
|  12|0x0000000083000000, 0x00000000830ffff8, 0x0000000083100000| 99%| O|  |TAMS 0x00000000830ffff8, 0x0000000083000000| Untracked 
|  13|0x0000000083100000, 0x00000000831fffe8, 0x0000000083200000| 99%| O|  |TAMS 0x00000000831fffe8, 0x0000000083100000| Untracked 
|  14|0x0000000083200000, 0x00000000832fe680, 0x0000000083300000| 99%| O|  |TAMS 0x00000000832fe680, 0x0000000083200000| Untracked 
|  15|0x0000000083300000, 0x00000000833ffff8, 0x0000000083400000| 99%| O|  |TAMS 0x00000000833ffff8, 0x0000000083300000| Untracked 
|  16|0x0000000083400000, 0x00000000834fffc0, 0x0000000083500000| 99%| O|  |TAMS 0x00000000834fffc0, 0x0000000083400000| Untracked 
|  17|0x0000000083500000, 0x00000000835fffa8, 0x0000000083600000| 99%| O|  |TAMS 0x00000000835fffa8, 0x0000000083500000| Untracked 
|  18|0x0000000083600000, 0x00000000836ffff8, 0x0000000083700000| 99%| O|  |TAMS 0x00000000836ffff8, 0x0000000083600000| Untracked 
|  19|0x0000000083700000, 0x00000000837ffff0, 0x0000000083800000| 99%| O|  |TAMS 0x0000000083700000, 0x0000000083700000| Untracked 
|  20|0x0000000083800000, 0x0000000083900000, 0x0000000083900000|100%| O|  |TAMS 0x0000000083800000, 0x0000000083800000| Untracked 
|  21|0x0000000083900000, 0x00000000839ffff8, 0x0000000083a00000| 99%| O|  |TAMS 0x0000000083900000, 0x0000000083900000| Untracked 
|  22|0x0000000083a00000, 0x0000000083b00000, 0x0000000083b00000|100%| O|  |TAMS 0x0000000083a00000, 0x0000000083a00000| Untracked 
|  23|0x0000000083b00000, 0x0000000083be3820, 0x0000000083c00000| 88%| O|  |TAMS 0x0000000083b00000, 0x0000000083b00000| Untracked 
|  24|0x0000000083c00000, 0x0000000083d00000, 0x0000000083d00000|100%| O|  |TAMS 0x0000000083c00000, 0x0000000083c00000| Untracked 
|  25|0x0000000083d00000, 0x0000000083dc9200, 0x0000000083e00000| 78%| O|  |TAMS 0x0000000083d00000, 0x0000000083d00000| Untracked 
|  26|0x0000000083e00000, 0x0000000083e00000, 0x0000000083f00000|  0%| F|  |TAMS 0x0000000083e00000, 0x0000000083e00000| Untracked 
|  27|0x0000000083f00000, 0x0000000083f6db30, 0x0000000084000000| 42%| O|  |TAMS 0x0000000083f00000, 0x0000000083f00000| Untracked 
|  28|0x0000000084000000, 0x0000000084000000, 0x0000000084100000|  0%| F|  |TAMS 0x0000000084000000, 0x0000000084000000| Untracked 
|  29|0x0000000084100000, 0x0000000084100000, 0x0000000084200000|  0%| F|  |TAMS 0x0000000084100000, 0x0000000084100000| Untracked 
|  30|0x0000000084200000, 0x0000000084200000, 0x0000000084300000|  0%| F|  |TAMS 0x0000000084200000, 0x0000000084200000| Untracked 
|  31|0x0000000084300000, 0x0000000084300000, 0x0000000084400000|  0%| F|  |TAMS 0x0000000084300000, 0x0000000084300000| Untracked 
|  32|0x0000000084400000, 0x0000000084400000, 0x0000000084500000|  0%| F|  |TAMS 0x0000000084400000, 0x0000000084400000| Untracked 
|  33|0x0000000084500000, 0x0000000084500000, 0x0000000084600000|  0%| F|  |TAMS 0x0000000084500000, 0x0000000084500000| Untracked 
|  34|0x0000000084600000, 0x0000000084600000, 0x0000000084700000|  0%| F|  |TAMS 0x0000000084600000, 0x0000000084600000| Untracked 
|  35|0x0000000084700000, 0x0000000084700000, 0x0000000084800000|  0%| F|  |TAMS 0x0000000084700000, 0x0000000084700000| Untracked 
|  36|0x0000000084800000, 0x0000000084800000, 0x0000000084900000|  0%| F|  |TAMS 0x0000000084800000, 0x0000000084800000| Untracked 
|  37|0x0000000084900000, 0x0000000084900000, 0x0000000084a00000|  0%| F|  |TAMS 0x0000000084900000, 0x0000000084900000| Untracked 
|  38|0x0000000084a00000, 0x0000000084af1b30, 0x0000000084b00000| 94%| S|CS|TAMS 0x0000000084a00000, 0x0000000084a00000| Complete 
|  39|0x0000000084b00000, 0x0000000084b1e2e0, 0x0000000084c00000| 11%| O|  |TAMS 0x0000000084b00000, 0x0000000084b00000| Untracked 
|  40|0x0000000084c00000, 0x0000000084d00000, 0x0000000084d00000|100%| S|CS|TAMS 0x0000000084c00000, 0x0000000084c00000| Complete 
|  41|0x0000000084d00000, 0x0000000084e00000, 0x0000000084e00000|100%| S|CS|TAMS 0x0000000084d00000, 0x0000000084d00000| Complete 
|  42|0x0000000084e00000, 0x0000000084e00000, 0x0000000084f00000|  0%| F|  |TAMS 0x0000000084e00000, 0x0000000084e00000| Untracked 
|  43|0x0000000084f00000, 0x0000000084f00000, 0x0000000085000000|  0%| F|  |TAMS 0x0000000084f00000, 0x0000000084f00000| Untracked 
|  44|0x0000000085000000, 0x0000000085100000, 0x0000000085100000|100%| S|CS|TAMS 0x0000000085000000, 0x0000000085000000| Complete 
|  45|0x0000000085100000, 0x0000000085200000, 0x0000000085200000|100%| S|CS|TAMS 0x0000000085100000, 0x0000000085100000| Complete 
|  46|0x0000000085200000, 0x0000000085200000, 0x0000000085300000|  0%| F|  |TAMS 0x0000000085200000, 0x0000000085200000| Untracked 
|  47|0x0000000085300000, 0x0000000085300000, 0x0000000085400000|  0%| F|  |TAMS 0x0000000085300000, 0x0000000085300000| Untracked 
|  48|0x0000000085400000, 0x0000000085400000, 0x0000000085500000|  0%| F|  |TAMS 0x0000000085400000, 0x0000000085400000| Untracked 
|  49|0x0000000085500000, 0x0000000085500000, 0x0000000085600000|  0%| F|  |TAMS 0x0000000085500000, 0x0000000085500000| Untracked 
|  50|0x0000000085600000, 0x0000000085600000, 0x0000000085700000|  0%| F|  |TAMS 0x0000000085600000, 0x0000000085600000| Untracked 
|  51|0x0000000085700000, 0x0000000085700000, 0x0000000085800000|  0%| F|  |TAMS 0x0000000085700000, 0x0000000085700000| Untracked 
|  52|0x0000000085800000, 0x0000000085800000, 0x0000000085900000|  0%| F|  |TAMS 0x0000000085800000, 0x0000000085800000| Untracked 
|  53|0x0000000085900000, 0x0000000085900000, 0x0000000085a00000|  0%| F|  |TAMS 0x0000000085900000, 0x0000000085900000| Untracked 
|  54|0x0000000085a00000, 0x0000000085a00000, 0x0000000085b00000|  0%| F|  |TAMS 0x0000000085a00000, 0x0000000085a00000| Untracked 
|  55|0x0000000085b00000, 0x0000000085b00000, 0x0000000085c00000|  0%| F|  |TAMS 0x0000000085b00000, 0x0000000085b00000| Untracked 
|  56|0x0000000085c00000, 0x0000000085c00000, 0x0000000085d00000|  0%| F|  |TAMS 0x0000000085c00000, 0x0000000085c00000| Untracked 
|  57|0x0000000085d00000, 0x0000000085d00000, 0x0000000085e00000|  0%| F|  |TAMS 0x0000000085d00000, 0x0000000085d00000| Untracked 
|  58|0x0000000085e00000, 0x0000000085e00000, 0x0000000085f00000|  0%| F|  |TAMS 0x0000000085e00000, 0x0000000085e00000| Untracked 
|  59|0x0000000085f00000, 0x0000000085f00000, 0x0000000086000000|  0%| F|  |TAMS 0x0000000085f00000, 0x0000000085f00000| Untracked 
|  60|0x0000000086000000, 0x0000000086000000, 0x0000000086100000|  0%| F|  |TAMS 0x0000000086000000, 0x0000000086000000| Untracked 
|  61|0x0000000086100000, 0x0000000086100000, 0x0000000086200000|  0%| F|  |TAMS 0x0000000086100000, 0x0000000086100000| Untracked 
|  62|0x0000000086200000, 0x0000000086200000, 0x0000000086300000|  0%| F|  |TAMS 0x0000000086200000, 0x0000000086200000| Untracked 
|  63|0x0000000086300000, 0x0000000086300000, 0x0000000086400000|  0%| F|  |TAMS 0x0000000086300000, 0x0000000086300000| Untracked 
|  64|0x0000000086400000, 0x0000000086400000, 0x0000000086500000|  0%| F|  |TAMS 0x0000000086400000, 0x0000000086400000| Untracked 
|  65|0x0000000086500000, 0x0000000086500000, 0x0000000086600000|  0%| F|  |TAMS 0x0000000086500000, 0x0000000086500000| Untracked 
|  66|0x0000000086600000, 0x0000000086600000, 0x0000000086700000|  0%| F|  |TAMS 0x0000000086600000, 0x0000000086600000| Untracked 
|  67|0x0000000086700000, 0x0000000086700000, 0x0000000086800000|  0%| F|  |TAMS 0x0000000086700000, 0x0000000086700000| Untracked 
|  68|0x0000000086800000, 0x0000000086800000, 0x0000000086900000|  0%| F|  |TAMS 0x0000000086800000, 0x0000000086800000| Untracked 
|  69|0x0000000086900000, 0x0000000086900000, 0x0000000086a00000|  0%| F|  |TAMS 0x0000000086900000, 0x0000000086900000| Untracked 
|  70|0x0000000086a00000, 0x0000000086a00000, 0x0000000086b00000|  0%| F|  |TAMS 0x0000000086a00000, 0x0000000086a00000| Untracked 
|  71|0x0000000086b00000, 0x0000000086b00000, 0x0000000086c00000|  0%| F|  |TAMS 0x0000000086b00000, 0x0000000086b00000| Untracked 
|  72|0x0000000086c00000, 0x0000000086c00000, 0x0000000086d00000|  0%| F|  |TAMS 0x0000000086c00000, 0x0000000086c00000| Untracked 
|  73|0x0000000086d00000, 0x0000000086d00000, 0x0000000086e00000|  0%| F|  |TAMS 0x0000000086d00000, 0x0000000086d00000| Untracked 
|  74|0x0000000086e00000, 0x0000000086e00000, 0x0000000086f00000|  0%| F|  |TAMS 0x0000000086e00000, 0x0000000086e00000| Untracked 
|  75|0x0000000086f00000, 0x0000000086f00000, 0x0000000087000000|  0%| F|  |TAMS 0x0000000086f00000, 0x0000000086f00000| Untracked 
|  76|0x0000000087000000, 0x0000000087000000, 0x0000000087100000|  0%| F|  |TAMS 0x0000000087000000, 0x0000000087000000| Untracked 
|  77|0x0000000087100000, 0x0000000087100000, 0x0000000087200000|  0%| F|  |TAMS 0x0000000087100000, 0x0000000087100000| Untracked 
|  78|0x0000000087200000, 0x0000000087200000, 0x0000000087300000|  0%| F|  |TAMS 0x0000000087200000, 0x0000000087200000| Untracked 
|  79|0x0000000087300000, 0x0000000087300000, 0x0000000087400000|  0%| F|  |TAMS 0x0000000087300000, 0x0000000087300000| Untracked 
|  80|0x0000000087400000, 0x0000000087400000, 0x0000000087500000|  0%| F|  |TAMS 0x0000000087400000, 0x0000000087400000| Untracked 
|  81|0x0000000087500000, 0x0000000087500000, 0x0000000087600000|  0%| F|  |TAMS 0x0000000087500000, 0x0000000087500000| Untracked 
|  82|0x0000000087600000, 0x0000000087600000, 0x0000000087700000|  0%| F|  |TAMS 0x0000000087600000, 0x0000000087600000| Untracked 
|  83|0x0000000087700000, 0x0000000087700000, 0x0000000087800000|  0%| F|  |TAMS 0x0000000087700000, 0x0000000087700000| Untracked 
|  84|0x0000000087800000, 0x0000000087800000, 0x0000000087900000|  0%| F|  |TAMS 0x0000000087800000, 0x0000000087800000| Untracked 
|  85|0x0000000087900000, 0x0000000087900000, 0x0000000087a00000|  0%| F|  |TAMS 0x0000000087900000, 0x0000000087900000| Untracked 
|  86|0x0000000087a00000, 0x0000000087a00000, 0x0000000087b00000|  0%| F|  |TAMS 0x0000000087a00000, 0x0000000087a00000| Untracked 
|  87|0x0000000087b00000, 0x0000000087b00000, 0x0000000087c00000|  0%| F|  |TAMS 0x0000000087b00000, 0x0000000087b00000| Untracked 
|  88|0x0000000087c00000, 0x0000000087c00000, 0x0000000087d00000|  0%| F|  |TAMS 0x0000000087c00000, 0x0000000087c00000| Untracked 
|  89|0x0000000087d00000, 0x0000000087d00000, 0x0000000087e00000|  0%| F|  |TAMS 0x0000000087d00000, 0x0000000087d00000| Untracked 
|  90|0x0000000087e00000, 0x0000000087e00000, 0x0000000087f00000|  0%| F|  |TAMS 0x0000000087e00000, 0x0000000087e00000| Untracked 
|  91|0x0000000087f00000, 0x0000000087f00000, 0x0000000088000000|  0%| F|  |TAMS 0x0000000087f00000, 0x0000000087f00000| Untracked 
|  92|0x0000000088000000, 0x0000000088000000, 0x0000000088100000|  0%| F|  |TAMS 0x0000000088000000, 0x0000000088000000| Untracked 
|  93|0x0000000088100000, 0x0000000088100000, 0x0000000088200000|  0%| F|  |TAMS 0x0000000088100000, 0x0000000088100000| Untracked 
|  94|0x0000000088200000, 0x0000000088200000, 0x0000000088300000|  0%| F|  |TAMS 0x0000000088200000, 0x0000000088200000| Untracked 
|  95|0x0000000088300000, 0x0000000088300000, 0x0000000088400000|  0%| F|  |TAMS 0x0000000088300000, 0x0000000088300000| Untracked 
|  96|0x0000000088400000, 0x0000000088400000, 0x0000000088500000|  0%| F|  |TAMS 0x0000000088400000, 0x0000000088400000| Untracked 
|  97|0x0000000088500000, 0x0000000088500000, 0x0000000088600000|  0%| F|  |TAMS 0x0000000088500000, 0x0000000088500000| Untracked 
|  98|0x0000000088600000, 0x0000000088600000, 0x0000000088700000|  0%| F|  |TAMS 0x0000000088600000, 0x0000000088600000| Untracked 
|  99|0x0000000088700000, 0x0000000088700000, 0x0000000088800000|  0%| F|  |TAMS 0x0000000088700000, 0x0000000088700000| Untracked 
| 100|0x0000000088800000, 0x0000000088800000, 0x0000000088900000|  0%| F|  |TAMS 0x0000000088800000, 0x0000000088800000| Untracked 
| 101|0x0000000088900000, 0x0000000088900000, 0x0000000088a00000|  0%| F|  |TAMS 0x0000000088900000, 0x0000000088900000| Untracked 
| 102|0x0000000088a00000, 0x0000000088a00000, 0x0000000088b00000|  0%| F|  |TAMS 0x0000000088a00000, 0x0000000088a00000| Untracked 
| 103|0x0000000088b00000, 0x0000000088b00000, 0x0000000088c00000|  0%| F|  |TAMS 0x0000000088b00000, 0x0000000088b00000| Untracked 
| 104|0x0000000088c00000, 0x0000000088c00000, 0x0000000088d00000|  0%| F|  |TAMS 0x0000000088c00000, 0x0000000088c00000| Untracked 
| 105|0x0000000088d00000, 0x0000000088d00000, 0x0000000088e00000|  0%| F|  |TAMS 0x0000000088d00000, 0x0000000088d00000| Untracked 
| 106|0x0000000088e00000, 0x0000000088e00000, 0x0000000088f00000|  0%| F|  |TAMS 0x0000000088e00000, 0x0000000088e00000| Untracked 
| 107|0x0000000088f00000, 0x0000000088f00000, 0x0000000089000000|  0%| F|  |TAMS 0x0000000088f00000, 0x0000000088f00000| Untracked 
| 108|0x0000000089000000, 0x0000000089000000, 0x0000000089100000|  0%| F|  |TAMS 0x0000000089000000, 0x0000000089000000| Untracked 
| 109|0x0000000089100000, 0x0000000089100000, 0x0000000089200000|  0%| F|  |TAMS 0x0000000089100000, 0x0000000089100000| Untracked 
| 110|0x0000000089200000, 0x0000000089200000, 0x0000000089300000|  0%| F|  |TAMS 0x0000000089200000, 0x0000000089200000| Untracked 
| 111|0x0000000089300000, 0x0000000089300000, 0x0000000089400000|  0%| F|  |TAMS 0x0000000089300000, 0x0000000089300000| Untracked 
| 112|0x0000000089400000, 0x0000000089400000, 0x0000000089500000|  0%| F|  |TAMS 0x0000000089400000, 0x0000000089400000| Untracked 
| 113|0x0000000089500000, 0x0000000089500000, 0x0000000089600000|  0%| F|  |TAMS 0x0000000089500000, 0x0000000089500000| Untracked 
| 114|0x0000000089600000, 0x0000000089600000, 0x0000000089700000|  0%| F|  |TAMS 0x0000000089600000, 0x0000000089600000| Untracked 
| 115|0x0000000089700000, 0x0000000089700000, 0x0000000089800000|  0%| F|  |TAMS 0x0000000089700000, 0x0000000089700000| Untracked 
| 116|0x0000000089800000, 0x0000000089800000, 0x0000000089900000|  0%| F|  |TAMS 0x0000000089800000, 0x0000000089800000| Untracked 
| 117|0x0000000089900000, 0x0000000089900000, 0x0000000089a00000|  0%| F|  |TAMS 0x0000000089900000, 0x0000000089900000| Untracked 
| 118|0x0000000089a00000, 0x0000000089a00000, 0x0000000089b00000|  0%| F|  |TAMS 0x0000000089a00000, 0x0000000089a00000| Untracked 
| 119|0x0000000089b00000, 0x0000000089b00000, 0x0000000089c00000|  0%| F|  |TAMS 0x0000000089b00000, 0x0000000089b00000| Untracked 
| 120|0x0000000089c00000, 0x0000000089c00000, 0x0000000089d00000|  0%| F|  |TAMS 0x0000000089c00000, 0x0000000089c00000| Untracked 
| 121|0x0000000089d00000, 0x0000000089d00000, 0x0000000089e00000|  0%| F|  |TAMS 0x0000000089d00000, 0x0000000089d00000| Untracked 
| 122|0x0000000089e00000, 0x0000000089e00000, 0x0000000089f00000|  0%| F|  |TAMS 0x0000000089e00000, 0x0000000089e00000| Untracked 
| 123|0x0000000089f00000, 0x0000000089f00000, 0x000000008a000000|  0%| F|  |TAMS 0x0000000089f00000, 0x0000000089f00000| Untracked 
| 124|0x000000008a000000, 0x000000008a000000, 0x000000008a100000|  0%| F|  |TAMS 0x000000008a000000, 0x000000008a000000| Untracked 
| 125|0x000000008a100000, 0x000000008a100000, 0x000000008a200000|  0%| F|  |TAMS 0x000000008a100000, 0x000000008a100000| Untracked 
| 126|0x000000008a200000, 0x000000008a200000, 0x000000008a300000|  0%| F|  |TAMS 0x000000008a200000, 0x000000008a200000| Untracked 
| 127|0x000000008a300000, 0x000000008a300000, 0x000000008a400000|  0%| F|  |TAMS 0x000000008a300000, 0x000000008a300000| Untracked 
| 128|0x000000008a400000, 0x000000008a400000, 0x000000008a500000|  0%| F|  |TAMS 0x000000008a400000, 0x000000008a400000| Untracked 
| 129|0x000000008a500000, 0x000000008a500000, 0x000000008a600000|  0%| F|  |TAMS 0x000000008a500000, 0x000000008a500000| Untracked 
| 130|0x000000008a600000, 0x000000008a600000, 0x000000008a700000|  0%| F|  |TAMS 0x000000008a600000, 0x000000008a600000| Untracked 
| 131|0x000000008a700000, 0x000000008a700000, 0x000000008a800000|  0%| F|  |TAMS 0x000000008a700000, 0x000000008a700000| Untracked 
| 132|0x000000008a800000, 0x000000008a800000, 0x000000008a900000|  0%| F|  |TAMS 0x000000008a800000, 0x000000008a800000| Untracked 
| 133|0x000000008a900000, 0x000000008a900000, 0x000000008aa00000|  0%| F|  |TAMS 0x000000008a900000, 0x000000008a900000| Untracked 
| 134|0x000000008aa00000, 0x000000008aa00000, 0x000000008ab00000|  0%| F|  |TAMS 0x000000008aa00000, 0x000000008aa00000| Untracked 
| 135|0x000000008ab00000, 0x000000008ab00000, 0x000000008ac00000|  0%| F|  |TAMS 0x000000008ab00000, 0x000000008ab00000| Untracked 
| 136|0x000000008ac00000, 0x000000008ac00000, 0x000000008ad00000|  0%| F|  |TAMS 0x000000008ac00000, 0x000000008ac00000| Untracked 
| 137|0x000000008ad00000, 0x000000008ad00000, 0x000000008ae00000|  0%| F|  |TAMS 0x000000008ad00000, 0x000000008ad00000| Untracked 
| 138|0x000000008ae00000, 0x000000008ae00000, 0x000000008af00000|  0%| F|  |TAMS 0x000000008ae00000, 0x000000008ae00000| Untracked 
| 139|0x000000008af00000, 0x000000008af00000, 0x000000008b000000|  0%| F|  |TAMS 0x000000008af00000, 0x000000008af00000| Untracked 
| 140|0x000000008b000000, 0x000000008b000000, 0x000000008b100000|  0%| F|  |TAMS 0x000000008b000000, 0x000000008b000000| Untracked 
| 141|0x000000008b100000, 0x000000008b100000, 0x000000008b200000|  0%| F|  |TAMS 0x000000008b100000, 0x000000008b100000| Untracked 
| 142|0x000000008b200000, 0x000000008b200000, 0x000000008b300000|  0%| F|  |TAMS 0x000000008b200000, 0x000000008b200000| Untracked 
| 143|0x000000008b300000, 0x000000008b300000, 0x000000008b400000|  0%| F|  |TAMS 0x000000008b300000, 0x000000008b300000| Untracked 
| 144|0x000000008b400000, 0x000000008b400000, 0x000000008b500000|  0%| F|  |TAMS 0x000000008b400000, 0x000000008b400000| Untracked 
| 145|0x000000008b500000, 0x000000008b500000, 0x000000008b600000|  0%| F|  |TAMS 0x000000008b500000, 0x000000008b500000| Untracked 
| 146|0x000000008b600000, 0x000000008b600000, 0x000000008b700000|  0%| F|  |TAMS 0x000000008b600000, 0x000000008b600000| Untracked 
| 147|0x000000008b700000, 0x000000008b700000, 0x000000008b800000|  0%| F|  |TAMS 0x000000008b700000, 0x000000008b700000| Untracked 
| 148|0x000000008b800000, 0x000000008b800000, 0x000000008b900000|  0%| F|  |TAMS 0x000000008b800000, 0x000000008b800000| Untracked 
| 149|0x000000008b900000, 0x000000008b900000, 0x000000008ba00000|  0%| F|  |TAMS 0x000000008b900000, 0x000000008b900000| Untracked 
| 150|0x000000008ba00000, 0x000000008ba00000, 0x000000008bb00000|  0%| F|  |TAMS 0x000000008ba00000, 0x000000008ba00000| Untracked 
| 151|0x000000008bb00000, 0x000000008bb00000, 0x000000008bc00000|  0%| F|  |TAMS 0x000000008bb00000, 0x000000008bb00000| Untracked 
| 152|0x000000008bc00000, 0x000000008bc00000, 0x000000008bd00000|  0%| F|  |TAMS 0x000000008bc00000, 0x000000008bc00000| Untracked 
| 153|0x000000008bd00000, 0x000000008bd00000, 0x000000008be00000|  0%| F|  |TAMS 0x000000008bd00000, 0x000000008bd00000| Untracked 
| 154|0x000000008be00000, 0x000000008be00000, 0x000000008bf00000|  0%| F|  |TAMS 0x000000008be00000, 0x000000008be00000| Untracked 
| 155|0x000000008bf00000, 0x000000008bf00000, 0x000000008c000000|  0%| F|  |TAMS 0x000000008bf00000, 0x000000008bf00000| Untracked 
| 156|0x000000008c000000, 0x000000008c000000, 0x000000008c100000|  0%| F|  |TAMS 0x000000008c000000, 0x000000008c000000| Untracked 
| 157|0x000000008c100000, 0x000000008c100000, 0x000000008c200000|  0%| F|  |TAMS 0x000000008c100000, 0x000000008c100000| Untracked 
| 158|0x000000008c200000, 0x000000008c200000, 0x000000008c300000|  0%| F|  |TAMS 0x000000008c200000, 0x000000008c200000| Untracked 
| 159|0x000000008c300000, 0x000000008c300000, 0x000000008c400000|  0%| F|  |TAMS 0x000000008c300000, 0x000000008c300000| Untracked 
| 160|0x000000008c400000, 0x000000008c400000, 0x000000008c500000|  0%| F|  |TAMS 0x000000008c400000, 0x000000008c400000| Untracked 
| 161|0x000000008c500000, 0x000000008c500000, 0x000000008c600000|  0%| F|  |TAMS 0x000000008c500000, 0x000000008c500000| Untracked 
| 162|0x000000008c600000, 0x000000008c600000, 0x000000008c700000|  0%| F|  |TAMS 0x000000008c600000, 0x000000008c600000| Untracked 
| 163|0x000000008c700000, 0x000000008c700000, 0x000000008c800000|  0%| F|  |TAMS 0x000000008c700000, 0x000000008c700000| Untracked 
| 164|0x000000008c800000, 0x000000008c800000, 0x000000008c900000|  0%| F|  |TAMS 0x000000008c800000, 0x000000008c800000| Untracked 
| 165|0x000000008c900000, 0x000000008c900000, 0x000000008ca00000|  0%| F|  |TAMS 0x000000008c900000, 0x000000008c900000| Untracked 
| 166|0x000000008ca00000, 0x000000008ca00000, 0x000000008cb00000|  0%| F|  |TAMS 0x000000008ca00000, 0x000000008ca00000| Untracked 
| 167|0x000000008cb00000, 0x000000008cb00000, 0x000000008cc00000|  0%| F|  |TAMS 0x000000008cb00000, 0x000000008cb00000| Untracked 
| 168|0x000000008cc00000, 0x000000008cc00000, 0x000000008cd00000|  0%| F|  |TAMS 0x000000008cc00000, 0x000000008cc00000| Untracked 
| 169|0x000000008cd00000, 0x000000008cd00000, 0x000000008ce00000|  0%| F|  |TAMS 0x000000008cd00000, 0x000000008cd00000| Untracked 
| 170|0x000000008ce00000, 0x000000008ce00000, 0x000000008cf00000|  0%| F|  |TAMS 0x000000008ce00000, 0x000000008ce00000| Untracked 
| 171|0x000000008cf00000, 0x000000008cf00000, 0x000000008d000000|  0%| F|  |TAMS 0x000000008cf00000, 0x000000008cf00000| Untracked 
| 172|0x000000008d000000, 0x000000008d000000, 0x000000008d100000|  0%| F|  |TAMS 0x000000008d000000, 0x000000008d000000| Untracked 
| 173|0x000000008d100000, 0x000000008d100000, 0x000000008d200000|  0%| F|  |TAMS 0x000000008d100000, 0x000000008d100000| Untracked 
| 174|0x000000008d200000, 0x000000008d200000, 0x000000008d300000|  0%| F|  |TAMS 0x000000008d200000, 0x000000008d200000| Untracked 
| 175|0x000000008d300000, 0x000000008d300000, 0x000000008d400000|  0%| F|  |TAMS 0x000000008d300000, 0x000000008d300000| Untracked 
| 176|0x000000008d400000, 0x000000008d400000, 0x000000008d500000|  0%| F|  |TAMS 0x000000008d400000, 0x000000008d400000| Untracked 
| 177|0x000000008d500000, 0x000000008d500000, 0x000000008d600000|  0%| F|  |TAMS 0x000000008d500000, 0x000000008d500000| Untracked 
| 178|0x000000008d600000, 0x000000008d600000, 0x000000008d700000|  0%| F|  |TAMS 0x000000008d600000, 0x000000008d600000| Untracked 
| 179|0x000000008d700000, 0x000000008d700000, 0x000000008d800000|  0%| F|  |TAMS 0x000000008d700000, 0x000000008d700000| Untracked 
| 180|0x000000008d800000, 0x000000008d800000, 0x000000008d900000|  0%| F|  |TAMS 0x000000008d800000, 0x000000008d800000| Untracked 
| 181|0x000000008d900000, 0x000000008d900000, 0x000000008da00000|  0%| F|  |TAMS 0x000000008d900000, 0x000000008d900000| Untracked 
| 182|0x000000008da00000, 0x000000008da00000, 0x000000008db00000|  0%| F|  |TAMS 0x000000008da00000, 0x000000008da00000| Untracked 
| 183|0x000000008db00000, 0x000000008db00000, 0x000000008dc00000|  0%| F|  |TAMS 0x000000008db00000, 0x000000008db00000| Untracked 
| 184|0x000000008dc00000, 0x000000008dc00000, 0x000000008dd00000|  0%| F|  |TAMS 0x000000008dc00000, 0x000000008dc00000| Untracked 
| 185|0x000000008dd00000, 0x000000008dd00000, 0x000000008de00000|  0%| F|  |TAMS 0x000000008dd00000, 0x000000008dd00000| Untracked 
| 186|0x000000008de00000, 0x000000008de00000, 0x000000008df00000|  0%| F|  |TAMS 0x000000008de00000, 0x000000008de00000| Untracked 
| 187|0x000000008df00000, 0x000000008df00000, 0x000000008e000000|  0%| F|  |TAMS 0x000000008df00000, 0x000000008df00000| Untracked 
| 188|0x000000008e000000, 0x000000008e000000, 0x000000008e100000|  0%| F|  |TAMS 0x000000008e000000, 0x000000008e000000| Untracked 
| 189|0x000000008e100000, 0x000000008e101028, 0x000000008e200000|  0%| E|  |TAMS 0x000000008e100000, 0x000000008e100000| Complete 
| 190|0x000000008e200000, 0x000000008e300000, 0x000000008e300000|100%| E|CS|TAMS 0x000000008e200000, 0x000000008e200000| Complete 
| 191|0x000000008e300000, 0x000000008e400000, 0x000000008e400000|100%| E|CS|TAMS 0x000000008e300000, 0x000000008e300000| Complete 
| 192|0x000000008e400000, 0x000000008e500000, 0x000000008e500000|100%| E|CS|TAMS 0x000000008e400000, 0x000000008e400000| Complete 
| 193|0x000000008e500000, 0x000000008e600000, 0x000000008e600000|100%| E|CS|TAMS 0x000000008e500000, 0x000000008e500000| Complete 
| 194|0x000000008e600000, 0x000000008e700000, 0x000000008e700000|100%| E|CS|TAMS 0x000000008e600000, 0x000000008e600000| Complete 
| 195|0x000000008e700000, 0x000000008e800000, 0x000000008e800000|100%| E|CS|TAMS 0x000000008e700000, 0x000000008e700000| Complete 

Card table byte_map: [0x00000237d1c50000,0x00000237d2040000] _byte_map_base: 0x00000237d183e000

Marking Bits (Prev, Next): (CMBitMap*) 0x00000237cb211820, (CMBitMap*) 0x00000237cb2117e0
 Prev Bits: [0x00000237d43a0000, 0x00000237d6310000)
 Next Bits: [0x00000237d2430000, 0x00000237d43a0000)

Polling page: 0x00000237c90d0000

Metaspace:

Usage:
  Non-class:     63.72 MB used.
      Class:      9.27 MB used.
       Both:     72.99 MB used.

Virtual space:
  Non-class space:      128.00 MB reserved,      64.06 MB ( 50%) committed,  2 nodes.
      Class space:        1.00 GB reserved,       9.56 MB ( <1%) committed,  1 nodes.
             Both:        1.12 GB reserved,      73.62 MB (  6%) committed. 

Chunk freelists:
   Non-Class:  15.54 MB
       Class:  6.43 MB
        Both:  21.97 MB

MaxMetaspaceSize: unlimited
CompressedClassSpaceSize: 1.00 GB
Initial GC threshold: 21.00 MB
Current GC threshold: 119.94 MB
CDS: off
MetaspaceReclaimPolicy: balanced
 - commit_granule_bytes: 65536.
 - commit_granule_words: 8192.
 - virtual_space_node_default_size: 8388608.
 - enlarge_chunks_in_place: 1.
 - new_chunks_are_fully_committed: 0.
 - uncommit_free_chunks: 1.
 - use_allocation_guard: 0.
 - handle_deallocations: 1.


Internal statistics:

num_allocs_failed_limit: 14.
num_arena_births: 1230.
num_arena_deaths: 424.
num_vsnodes_births: 3.
num_vsnodes_deaths: 0.
num_space_committed: 1178.
num_space_uncommitted: 0.
num_chunks_returned_to_freelist: 547.
num_chunks_taken_from_freelist: 3743.
num_chunk_merges: 155.
num_chunk_splits: 2460.
num_chunks_enlarged: 1811.
num_inconsistent_stats: 0.

CodeCache: size=49152Kb used=14836Kb max_used=15947Kb free=34315Kb
 bounds [0x00000237ce860000, 0x00000237cf800000, 0x00000237d1860000]
 total_blobs=8572 nmethods=7818 adapters=681
 compilation: enabled
              stopped_count=0, restarted_count=0
 full_count=0

Compilation events (20 events):
Event: 650.616 Thread 0x00000237d8638ad0 nmethod 7810 0x00000237cf7bc190 code [0x00000237cf7bc340, 0x00000237cf7bc5c8]
Event: 650.899 Thread 0x00000237d8638ad0 7811       1       java.net.InetAddress::<init> (21 bytes)
Event: 650.899 Thread 0x00000237d8638ad0 nmethod 7811 0x00000237cf7bbd90 code [0x00000237cf7bbf20, 0x00000237cf7bc0b8]
Event: 650.899 Thread 0x00000237d8638ad0 7813       1       java.net.NetworkInterface::<init> (15 bytes)
Event: 650.899 Thread 0x00000237d8638ad0 nmethod 7813 0x00000237cf7bba90 code [0x00000237cf7bbc20, 0x00000237cf7bbd18]
Event: 650.899 Thread 0x00000237d8638ad0 7812       1       java.net.InetAddress$InetAddressHolder::<init> (5 bytes)
Event: 650.899 Thread 0x00000237d8638ad0 nmethod 7812 0x00000237cf7bb790 code [0x00000237cf7bb920, 0x00000237cf7bb9d8]
Event: 651.000 Thread 0x00000237d8638ad0 7814       1       java.util.concurrent.CopyOnWriteArrayList::remove (34 bytes)
Event: 651.000 Thread 0x00000237d8638ad0 nmethod 7814 0x00000237cf7bb390 code [0x00000237cf7bb540, 0x00000237cf7bb698]
Event: 651.003 Thread 0x00000237d8638ad0 7815       1       java.util.concurrent.ThreadPoolExecutor::isRunning (10 bytes)
Event: 651.004 Thread 0x00000237d8638ad0 nmethod 7815 0x00000237cf7bb090 code [0x00000237cf7bb220, 0x00000237cf7bb2d8]
Event: 651.004 Thread 0x00000237d8638ad0 7816       1       java.net.Socket$SocketInputStream::read (11 bytes)
Event: 651.004 Thread 0x00000237d8638ad0 nmethod 7816 0x00000237cf7bad90 code [0x00000237cf7baf20, 0x00000237cf7bb008]
Event: 651.005 Thread 0x00000237d8638ad0 7819   !   1       sun.nio.ch.NioSocketImpl::implRead (220 bytes)
Event: 651.006 Thread 0x00000237d8638ad0 nmethod 7819 0x00000237cf7b9910 code [0x00000237cf7b9b80, 0x00000237cf7ba5b8]
Event: 651.006 Thread 0x00000237d8638ad0 7817       1       sun.nio.ch.NioSocketImpl$1::read (11 bytes)
Event: 651.006 Thread 0x00000237d8638ad0 nmethod 7817 0x00000237cf7b9610 code [0x00000237cf7b97a0, 0x00000237cf7b9888]
Event: 651.006 Thread 0x00000237d8638ad0 7818   !   1       sun.nio.ch.NioSocketImpl::read (96 bytes)
Event: 651.007 Thread 0x00000237d8638ad0 nmethod 7818 0x00000237cf7b8b10 code [0x00000237cf7b8d40, 0x00000237cf7b9208]
Event: 651.007 Thread 0x00000237d8638ad0 7820   !   1       sun.nio.ch.NioSocketImpl::beginRead (30 bytes)

GC Heap History (20 events):
Event: 575.058 GC heap before
{Heap before GC invocations=29 (full 1):
 garbage-first heap   total 78848K, used 31596K [0x0000000082400000, 0x0000000100000000)
  region size 1024K, 4 young (4096K), 2 survivors (2048K)
 Metaspace       used 72826K, committed 73472K, reserved 1114112K
  class space    used 9222K, committed 9536K, reserved 1048576K
}
Event: 575.113 GC heap after
{Heap after GC invocations=30 (full 2):
 garbage-first heap   total 78848K, used 22542K [0x0000000082400000, 0x0000000100000000)
  region size 1024K, 0 young (0K), 0 survivors (0K)
 Metaspace       used 72689K, committed 73472K, reserved 1114112K
  class space    used 9194K, committed 9536K, reserved 1048576K
}
Event: 578.446 GC heap before
{Heap before GC invocations=30 (full 2):
 garbage-first heap   total 78848K, used 59406K [0x0000000082400000, 0x0000000100000000)
  region size 1024K, 37 young (37888K), 0 survivors (0K)
 Metaspace       used 72762K, committed 73472K, reserved 1114112K
  class space    used 9205K, committed 9536K, reserved 1048576K
}
Event: 578.451 GC heap after
{Heap after GC invocations=31 (full 2):
 garbage-first heap   total 78848K, used 26147K [0x0000000082400000, 0x0000000100000000)
  region size 1024K, 4 young (4096K), 4 survivors (4096K)
 Metaspace       used 72762K, committed 73472K, reserved 1114112K
  class space    used 9205K, committed 9536K, reserved 1048576K
}
Event: 579.644 GC heap before
{Heap before GC invocations=31 (full 2):
 garbage-first heap   total 78848K, used 59939K [0x0000000082400000, 0x0000000100000000)
  region size 1024K, 37 young (37888K), 4 survivors (4096K)
 Metaspace       used 72852K, committed 73536K, reserved 1114112K
  class space    used 9214K, committed 9536K, reserved 1048576K
}
Event: 579.653 GC heap after
{Heap after GC invocations=32 (full 2):
 garbage-first heap   total 78848K, used 28922K [0x0000000082400000, 0x0000000100000000)
  region size 1024K, 3 young (3072K), 3 survivors (3072K)
 Metaspace       used 72852K, committed 73536K, reserved 1114112K
  class space    used 9214K, committed 9536K, reserved 1048576K
}
Event: 591.049 GC heap before
{Heap before GC invocations=32 (full 2):
 garbage-first heap   total 78848K, used 41210K [0x0000000082400000, 0x0000000100000000)
  region size 1024K, 16 young (16384K), 3 survivors (3072K)
 Metaspace       used 72947K, committed 73536K, reserved 1114112K
  class space    used 9224K, committed 9536K, reserved 1048576K
}
Event: 591.107 GC heap after
{Heap after GC invocations=33 (full 3):
 garbage-first heap   total 78848K, used 24749K [0x0000000082400000, 0x0000000100000000)
  region size 1024K, 0 young (0K), 0 survivors (0K)
 Metaspace       used 72772K, committed 73536K, reserved 1114112K
  class space    used 9210K, committed 9536K, reserved 1048576K
}
Event: 591.604 GC heap before
{Heap before GC invocations=33 (full 3):
 garbage-first heap   total 78848K, used 58541K [0x0000000082400000, 0x0000000100000000)
  region size 1024K, 34 young (34816K), 0 survivors (0K)
 Metaspace       used 72815K, committed 73536K, reserved 1114112K
  class space    used 9217K, committed 9536K, reserved 1048576K
}
Event: 591.609 GC heap after
{Heap after GC invocations=34 (full 3):
 garbage-first heap   total 78848K, used 27501K [0x0000000082400000, 0x0000000100000000)
  region size 1024K, 3 young (3072K), 3 survivors (3072K)
 Metaspace       used 72815K, committed 73536K, reserved 1114112K
  class space    used 9217K, committed 9536K, reserved 1048576K
}
Event: 591.856 GC heap before
{Heap before GC invocations=34 (full 3):
 garbage-first heap   total 78848K, used 60269K [0x0000000082400000, 0x0000000100000000)
  region size 1024K, 35 young (35840K), 3 survivors (3072K)
 Metaspace       used 72998K, committed 73600K, reserved 1114112K
  class space    used 9242K, committed 9536K, reserved 1048576K
}
Event: 591.861 GC heap after
{Heap after GC invocations=35 (full 3):
 garbage-first heap   total 78848K, used 29104K [0x0000000082400000, 0x0000000100000000)
  region size 1024K, 5 young (5120K), 5 survivors (5120K)
 Metaspace       used 72998K, committed 73600K, reserved 1114112K
  class space    used 9242K, committed 9536K, reserved 1048576K
}
Event: 616.870 GC heap before
{Heap before GC invocations=35 (full 3):
 garbage-first heap   total 78848K, used 43440K [0x0000000082400000, 0x0000000100000000)
  region size 1024K, 20 young (20480K), 5 survivors (5120K)
 Metaspace       used 73080K, committed 73664K, reserved 1114112K
  class space    used 9247K, committed 9536K, reserved 1048576K
}
Event: 616.929 GC heap after
{Heap after GC invocations=36 (full 4):
 garbage-first heap   total 78848K, used 25008K [0x0000000082400000, 0x0000000100000000)
  region size 1024K, 0 young (0K), 0 survivors (0K)
 Metaspace       used 73074K, committed 73664K, reserved 1114112K
  class space    used 9246K, committed 9536K, reserved 1048576K
}
Event: 619.039 GC heap before
{Heap before GC invocations=36 (full 4):
 garbage-first heap   total 78848K, used 59824K [0x0000000082400000, 0x0000000100000000)
  region size 1024K, 35 young (35840K), 0 survivors (0K)
 Metaspace       used 73117K, committed 73728K, reserved 1114112K
  class space    used 9252K, committed 9536K, reserved 1048576K
}
Event: 619.044 GC heap after
{Heap after GC invocations=37 (full 4):
 garbage-first heap   total 78848K, used 27794K [0x0000000082400000, 0x0000000100000000)
  region size 1024K, 3 young (3072K), 3 survivors (3072K)
 Metaspace       used 73117K, committed 73728K, reserved 1114112K
  class space    used 9252K, committed 9536K, reserved 1048576K
}
Event: 619.404 GC heap before
{Heap before GC invocations=37 (full 4):
 garbage-first heap   total 78848K, used 61586K [0x0000000082400000, 0x0000000100000000)
  region size 1024K, 36 young (36864K), 3 survivors (3072K)
 Metaspace       used 73185K, committed 73792K, reserved 1114112K
  class space    used 9258K, committed 9536K, reserved 1048576K
}
Event: 619.409 GC heap after
{Heap after GC invocations=38 (full 4):
 garbage-first heap   total 78848K, used 29562K [0x0000000082400000, 0x0000000100000000)
  region size 1024K, 5 young (5120K), 5 survivors (5120K)
 Metaspace       used 73185K, committed 73792K, reserved 1114112K
  class space    used 9258K, committed 9536K, reserved 1048576K
}
Event: 633.970 GC heap before
{Heap before GC invocations=38 (full 4):
 garbage-first heap   total 78848K, used 60282K [0x0000000082400000, 0x0000000100000000)
  region size 1024K, 36 young (36864K), 5 survivors (5120K)
 Metaspace       used 74740K, committed 75392K, reserved 1179648K
  class space    used 9492K, committed 9792K, reserved 1048576K
}
Event: 633.992 GC heap after
{Heap after GC invocations=39 (full 4):
 garbage-first heap   total 200704K, used 31900K [0x0000000082400000, 0x0000000100000000)
  region size 1024K, 5 young (5120K), 5 survivors (5120K)
 Metaspace       used 74740K, committed 75392K, reserved 1179648K
  class space    used 9492K, committed 9792K, reserved 1048576K
}

Dll operation events (9 events):
Event: 0.010 Loaded shared library C:\Users\unipoint\Downloads\sts-4.19.0.RELEASE\plugins\org.eclipse.justj.openjdk.hotspot.jre.full.win32.x86_64_17.0.7.v20230425-1502\jre\bin\java.dll
Event: 0.315 Loaded shared library C:\Users\unipoint\Downloads\sts-4.19.0.RELEASE\plugins\org.eclipse.justj.openjdk.hotspot.jre.full.win32.x86_64_17.0.7.v20230425-1502\jre\bin\jimage.dll
Event: 0.331 Loaded shared library C:\Users\unipoint\Downloads\sts-4.19.0.RELEASE\plugins\org.eclipse.justj.openjdk.hotspot.jre.full.win32.x86_64_17.0.7.v20230425-1502\jre\bin\net.dll
Event: 0.333 Loaded shared library C:\Users\unipoint\Downloads\sts-4.19.0.RELEASE\plugins\org.eclipse.justj.openjdk.hotspot.jre.full.win32.x86_64_17.0.7.v20230425-1502\jre\bin\nio.dll
Event: 0.342 Loaded shared library C:\Users\unipoint\Downloads\sts-4.19.0.RELEASE\plugins\org.eclipse.justj.openjdk.hotspot.jre.full.win32.x86_64_17.0.7.v20230425-1502\jre\bin\zip.dll
Event: 0.467 Loaded shared library C:\Users\unipoint\Downloads\sts-4.19.0.RELEASE\plugins\org.eclipse.justj.openjdk.hotspot.jre.full.win32.x86_64_17.0.7.v20230425-1502\jre\bin\management.dll
Event: 0.488 Loaded shared library C:\Users\unipoint\Downloads\sts-4.19.0.RELEASE\plugins\org.eclipse.justj.openjdk.hotspot.jre.full.win32.x86_64_17.0.7.v20230425-1502\jre\bin\management_ext.dll
Event: 3.697 Loaded shared library C:\Users\unipoint\Downloads\sts-4.19.0.RELEASE\plugins\org.eclipse.justj.openjdk.hotspot.jre.full.win32.x86_64_17.0.7.v20230425-1502\jre\bin\sunmscapi.dll
Event: 4.873 Loaded shared library C:\Users\unipoint\Downloads\sts-4.19.0.RELEASE\plugins\org.eclipse.justj.openjdk.hotspot.jre.full.win32.x86_64_17.0.7.v20230425-1502\jre\bin\verify.dll

Deoptimization events (20 events):
Event: 2.078 Thread 0x00000237dd800a70 DEOPT PACKING pc=0x00000237cee51b19 sp=0x0000005a4c1fc700
Event: 2.078 Thread 0x00000237dd800a70 DEOPT UNPACKING pc=0x00000237ce8b7143 sp=0x0000005a4c1fbbe0 mode 3
Event: 3.640 Thread 0x00000237dd800a70 DEOPT PACKING pc=0x00000237cf0779fd sp=0x0000005a4c1fc5b0
Event: 3.640 Thread 0x00000237dd800a70 DEOPT UNPACKING pc=0x00000237ce8b7143 sp=0x0000005a4c1fbb18 mode 3
Event: 5.975 Thread 0x00000237dd800a70 DEOPT PACKING pc=0x00000237cf1dfa99 sp=0x0000005a4c1fc280
Event: 5.975 Thread 0x00000237dd800a70 DEOPT UNPACKING pc=0x00000237ce8b7143 sp=0x0000005a4c1fb760 mode 3
Event: 6.315 Thread 0x00000237dd800a70 DEOPT PACKING pc=0x00000237cedfa2d2 sp=0x0000005a4c1fd180
Event: 6.315 Thread 0x00000237dd800a70 DEOPT UNPACKING pc=0x00000237ce8b7143 sp=0x0000005a4c1fc688 mode 3
Event: 6.316 Thread 0x00000237dd800a70 DEOPT PACKING pc=0x00000237cede81c5 sp=0x0000005a4c1fd140
Event: 6.316 Thread 0x00000237dd800a70 DEOPT UNPACKING pc=0x00000237ce8b7143 sp=0x0000005a4c1fc688 mode 3
Event: 6.569 Thread 0x00000237dd800a70 DEOPT PACKING pc=0x00000237cec454e4 sp=0x0000005a4c1fc290
Event: 6.569 Thread 0x00000237dd800a70 DEOPT UNPACKING pc=0x00000237ce8b7143 sp=0x0000005a4c1fb7b0 mode 0
Event: 6.569 Thread 0x00000237dd800a70 DEOPT PACKING pc=0x00000237cec44b34 sp=0x0000005a4c1fc380
Event: 6.569 Thread 0x00000237dd800a70 DEOPT UNPACKING pc=0x00000237ce8b7143 sp=0x0000005a4c1fb840 mode 0
Event: 35.153 Thread 0x00000237de85d8a0 DEOPT PACKING pc=0x00000237cf2baf0b sp=0x0000005a4cdfb4e0
Event: 35.153 Thread 0x00000237de85d8a0 DEOPT UNPACKING pc=0x00000237ce8b7143 sp=0x0000005a4cdfabd8 mode 3
Event: 557.912 Thread 0x00000237de85a3b0 DEOPT PACKING pc=0x00000237cf3564ee sp=0x0000005a4cbfb720
Event: 557.912 Thread 0x00000237de85a3b0 DEOPT UNPACKING pc=0x00000237ce8b7143 sp=0x0000005a4cbfac18 mode 3
Event: 624.990 Thread 0x00000237de859ee0 DEOPT PACKING pc=0x00000237cf6535cf sp=0x0000005a4c7fbff0
Event: 624.990 Thread 0x00000237de859ee0 DEOPT UNPACKING pc=0x00000237ce8b7143 sp=0x0000005a4c7fb4e0 mode 3

Classes unloaded (20 events):
Event: 575.077 Thread 0x00000237d8606550 Unloading class 0x00000001000c0c00 'java/lang/invoke/LambdaForm$MH+0x00000001000c0c00'
Event: 591.071 Thread 0x00000237d8606550 Unloading class 0x0000000100848800 'jdk/internal/reflect/GeneratedSerializationConstructorAccessor24'
Event: 591.071 Thread 0x00000237d8606550 Unloading class 0x0000000100854000 'org/apache/catalina/loader/JdbcLeakPrevention'
Event: 591.071 Thread 0x00000237d8606550 Unloading class 0x000000010087c880 'jdk/proxy5/$Proxy103'
Event: 591.071 Thread 0x00000237d8606550 Unloading class 0x000000010087c4e0 'com/example/shin/domain/post/PostService$$SpringCGLIB$$0'
Event: 591.071 Thread 0x00000237d8606550 Unloading class 0x000000010087c298 'jdk/proxy5/$Proxy102'
Event: 591.071 Thread 0x00000237d8606550 Unloading class 0x000000010087c000 'com/example/shin/domain/post/PostResponse'
Event: 591.071 Thread 0x00000237d8606550 Unloading class 0x0000000100853bc0 'com/example/shin/domain/post/PostRequest'
Event: 591.071 Thread 0x00000237d8606550 Unloading class 0x0000000100853760 'jdk/proxy5/$Proxy101'
Event: 591.071 Thread 0x00000237d8606550 Unloading class 0x00000001008534e0 'com/example/shin/config/DatabaseConfig$$SpringCGLIB$$2'
Event: 591.071 Thread 0x00000237d8606550 Unloading class 0x0000000100853260 'com/example/shin/config/DatabaseConfig$$SpringCGLIB$$1'
Event: 591.071 Thread 0x00000237d8606550 Unloading class 0x0000000100853000 'com/example/shin/config/DatabaseConfig$$SpringCGLIB$$0'
Event: 591.071 Thread 0x00000237d8606550 Unloading class 0x000000010087e428 'com/example/shin/ShinApplication$$SpringCGLIB$$0'
Event: 591.071 Thread 0x00000237d8606550 Unloading class 0x000000010087e230 'com/example/shin/domain/post/PostMapper'
Event: 591.072 Thread 0x00000237d8606550 Unloading class 0x000000010087e000 'com/example/shin/domain/post/PostService'
Event: 591.072 Thread 0x00000237d8606550 Unloading class 0x0000000100948c30 'com/example/shin/domain/post/PostController'
Event: 591.072 Thread 0x00000237d8606550 Unloading class 0x0000000100948a00 'com/example/shin/config/DatabaseConfig'
Event: 591.072 Thread 0x00000237d8606550 Unloading class 0x0000000100948800 'com/example/shin/ShinApplication'
Event: 616.897 Thread 0x00000237d8606550 Unloading class 0x00000001000c3000 'jdk/internal/reflect/GeneratedSerializationConstructorAccessor25'
Event: 616.897 Thread 0x00000237d8606550 Unloading class 0x00000001004f4800 'org/apache/catalina/loader/JdbcLeakPrevention'

Classes redefined (0 events):
No events

Internal exceptions (20 events):
Event: 629.201 Thread 0x00000237de85f0b0 Exception <a 'java/lang/ClassNotFoundException'{0x00000000859c7c70}: org/thymeleaf/processor/element/AbstractAttributeModelProcessorCustomizer> (0x00000000859c7c70) 
thrown [s\src\hotspot\share\classfile\systemDictionary.cpp, line 256]
Event: 629.202 Thread 0x00000237de85f0b0 Exception <a 'java/lang/ClassNotFoundException'{0x00000000859d2d70}: nz/net/ultraq/thymeleaf/layoutdialect/decorators/DecorateProcessorCustomizer> (0x00000000859d2d70) 
thrown [s\src\hotspot\share\classfile\systemDictionary.cpp, line 256]
Event: 629.203 Thread 0x00000237de85f0b0 Exception <a 'java/lang/NoSuchMethodError'{0x00000000859dd828}: 'java.lang.Object java.lang.invoke.DirectMethodHandle$Holder.invokeSpecial(java.lang.Object, java.lang.Object, java.lang.Object, java.lang.Object, java.lang.Object, int)'> (0x00000000859dd828) 
thrown [s\src\hotspot\share\interpreter\linkResolver.cpp, line 759]
Event: 629.204 Thread 0x00000237de85f0b0 Exception <a 'java/lang/NoSuchMethodError'{0x00000000859e1398}: 'java.lang.Object java.lang.invoke.DelegatingMethodHandle$Holder.reinvoke_L(java.lang.Object, java.lang.Object, java.lang.Object, java.lang.Object, int)'> (0x00000000859e1398) 
thrown [s\src\hotspot\share\interpreter\linkResolver.cpp, line 759]
Event: 629.205 Thread 0x00000237de85f0b0 Exception <a 'java/lang/NoSuchMethodError'{0x00000000858071c8}: 'java.lang.Object java.lang.invoke.DelegatingMethodHandle$Holder.delegate(java.lang.Object, java.lang.Object, java.lang.Object, java.lang.Object, java.lang.Object, java.lang.Object, int)'> (0x00000000858071c8) 
thrown [s\src\hotspot\share\interpreter\linkResolver.cpp, line 759]
Event: 629.214 Thread 0x00000237de85f0b0 Exception <a 'java/lang/ClassNotFoundException'{0x0000000085884518}: nz/net/ultraq/thymeleaf/layoutdialect/includes/IncludeProcessorBeanInfo> (0x0000000085884518) 
thrown [s\src\hotspot\share\classfile\systemDictionary.cpp, line 256]
Event: 629.215 Thread 0x00000237de85f0b0 Exception <a 'java/lang/ClassNotFoundException'{0x000000008588d670}: nz/net/ultraq/thymeleaf/layoutdialect/includes/IncludeProcessorCustomizer> (0x000000008588d670) 
thrown [s\src\hotspot\share\classfile\systemDictionary.cpp, line 256]
Event: 629.219 Thread 0x00000237de85f0b0 Exception <a 'java/lang/ClassNotFoundException'{0x00000000858aaae8}: nz/net/ultraq/thymeleaf/layoutdialect/PojoLoggerFactoryBeanInfo> (0x00000000858aaae8) 
thrown [s\src\hotspot\share\classfile\systemDictionary.cpp, line 256]
Event: 629.220 Thread 0x00000237de85f0b0 Exception <a 'java/lang/ClassNotFoundException'{0x00000000858b3848}: nz/net/ultraq/thymeleaf/layoutdialect/PojoLoggerFactoryCustomizer> (0x00000000858b3848) 
thrown [s\src\hotspot\share\classfile\systemDictionary.cpp, line 256]
Event: 629.229 Thread 0x00000237de85f0b0 Exception <a 'java/lang/ClassNotFoundException'{0x0000000085711ba0}: nz/net/ultraq/thymeleaf/layoutdialect/includes/InsertProcessorBeanInfo> (0x0000000085711ba0) 
thrown [s\src\hotspot\share\classfile\systemDictionary.cpp, line 256]
Event: 629.230 Thread 0x00000237de85f0b0 Exception <a 'java/lang/ClassNotFoundException'{0x000000008571ac50}: nz/net/ultraq/thymeleaf/layoutdialect/includes/InsertProcessorCustomizer> (0x000000008571ac50) 
thrown [s\src\hotspot\share\classfile\systemDictionary.cpp, line 256]
Event: 629.236 Thread 0x00000237de85f0b0 Exception <a 'java/lang/ClassNotFoundException'{0x0000000085746478}: nz/net/ultraq/thymeleaf/layoutdialect/includes/ReplaceProcessorBeanInfo> (0x0000000085746478) 
thrown [s\src\hotspot\share\classfile\systemDictionary.cpp, line 256]
Event: 629.237 Thread 0x00000237de85f0b0 Exception <a 'java/lang/ClassNotFoundException'{0x000000008574f5b8}: nz/net/ultraq/thymeleaf/layoutdialect/includes/ReplaceProcessorCustomizer> (0x000000008574f5b8) 
thrown [s\src\hotspot\share\classfile\systemDictionary.cpp, line 256]
Event: 629.242 Thread 0x00000237de85f0b0 Exception <a 'java/lang/ClassNotFoundException'{0x000000008577aaa0}: nz/net/ultraq/thymeleaf/layoutdialect/fragments/FragmentProcessorBeanInfo> (0x000000008577aaa0) 
thrown [s\src\hotspot\share\classfile\systemDictionary.cpp, line 256]
Event: 629.243 Thread 0x00000237de85f0b0 Exception <a 'java/lang/ClassNotFoundException'{0x0000000085783c90}: nz/net/ultraq/thymeleaf/layoutdialect/fragments/FragmentProcessorCustomizer> (0x0000000085783c90) 
thrown [s\src\hotspot\share\classfile\systemDictionary.cpp, line 256]
Event: 629.249 Thread 0x00000237de85f0b0 Exception <a 'java/lang/ClassNotFoundException'{0x00000000857baaa8}: nz/net/ultraq/thymeleaf/layoutdialect/fragments/CollectFragmentProcessorBeanInfo> (0x00000000857baaa8) 
thrown [s\src\hotspot\share\classfile\systemDictionary.cpp, line 256]
Event: 629.250 Thread 0x00000237de85f0b0 Exception <a 'java/lang/ClassNotFoundException'{0x00000000857c3fa8}: nz/net/ultraq/thymeleaf/layoutdialect/fragments/CollectFragmentProcessorCustomizer> (0x00000000857c3fa8) 
thrown [s\src\hotspot\share\classfile\systemDictionary.cpp, line 256]
Event: 629.256 Thread 0x00000237de85f0b0 Exception <a 'java/lang/ClassNotFoundException'{0x00000000857f8080}: nz/net/ultraq/thymeleaf/layoutdialect/decorators/TitlePatternProcessorBeanInfo> (0x00000000857f8080) 
thrown [s\src\hotspot\share\classfile\systemDictionary.cpp, line 256]
Event: 629.257 Thread 0x00000237de85f0b0 Exception <a 'java/lang/ClassNotFoundException'{0x00000000856014e0}: nz/net/ultraq/thymeleaf/layoutdialect/decorators/TitlePatternProcessorCustomizer> (0x00000000856014e0) 
thrown [s\src\hotspot\share\classfile\systemDictionary.cpp, line 256]
Event: 651.001 Thread 0x00000237de85a880 Exception <a 'java/lang/InterruptedException'{0x000000008e280840}: sleep interrupted> (0x000000008e280840) 
thrown [s\src\hotspot\share\prims\jvm.cpp, line 3070]

VM Operations (20 events):
Event: 616.933 Executing VM operation: G1CollectFull done
Event: 618.933 Executing VM operation: Cleanup
Event: 618.933 Executing VM operation: Cleanup done
Event: 619.039 Executing VM operation: G1CollectForAllocation
Event: 619.044 Executing VM operation: G1CollectForAllocation done
Event: 619.404 Executing VM operation: G1CollectForAllocation
Event: 619.409 Executing VM operation: G1CollectForAllocation done
Event: 621.409 Executing VM operation: Cleanup
Event: 621.409 Executing VM operation: Cleanup done
Event: 625.421 Executing VM operation: Cleanup
Event: 625.422 Executing VM operation: Cleanup done
Event: 629.058 Executing VM operation: HandshakeAllThreads
Event: 629.058 Executing VM operation: HandshakeAllThreads done
Event: 629.058 Executing VM operation: Cleanup
Event: 629.058 Executing VM operation: Cleanup done
Event: 630.058 Executing VM operation: Cleanup
Event: 630.059 Executing VM operation: Cleanup done
Event: 633.970 Executing VM operation: G1CollectForAllocation
Event: 633.992 Executing VM operation: G1CollectForAllocation done
Event: 651.007 Executing VM operation: G1CollectFull

Events (20 events):
Event: 650.557 Thread 0x00000237de859a10 Thread added: 0x00000237de859a10
Event: 650.557 Thread 0x00000237de85dd70 Thread exited: 0x00000237de85dd70
Event: 650.900 Thread 0x00000237de8603f0 Thread exited: 0x00000237de8603f0
Event: 651.000 Thread 0x00000237de85ca30 Thread exited: 0x00000237de85ca30
Event: 651.000 Thread 0x00000237de85a3b0 Thread exited: 0x00000237de85a3b0
Event: 651.001 Thread 0x00000237de85ebe0 Thread exited: 0x00000237de85ebe0
Event: 651.001 Thread 0x00000237de85a880 Thread exited: 0x00000237de85a880
Event: 651.001 Thread 0x00000237de85bbc0 Thread exited: 0x00000237de85bbc0
Event: 651.001 Thread 0x00000237de85c090 Thread exited: 0x00000237de85c090
Event: 651.001 Thread 0x00000237de85f580 Thread exited: 0x00000237de85f580
Event: 651.001 Thread 0x00000237de85b6f0 Thread exited: 0x00000237de85b6f0
Event: 651.001 Thread 0x00000237de859ee0 Thread exited: 0x00000237de859ee0
Event: 651.001 Thread 0x00000237de8608c0 Thread exited: 0x00000237de8608c0
Event: 651.001 Thread 0x00000237de85ff20 Thread exited: 0x00000237de85ff20
Event: 651.001 Thread 0x00000237de85f0b0 Thread exited: 0x00000237de85f0b0
Event: 651.002 Thread 0x00000237de85d8a0 Thread exited: 0x00000237de85d8a0
Event: 651.002 Thread 0x00000237de85c560 Thread exited: 0x00000237de85c560
Event: 651.003 Thread 0x00000237de85b220 Thread added: 0x00000237de85b220
Event: 651.004 Thread 0x00000237de85e710 Thread exited: 0x00000237de85e710
Event: 651.007 Thread 0x00000237de85b220 Thread exited: 0x00000237de85b220


Dynamic libraries:
0x00007ff644650000 - 0x00007ff64465e000 	C:\Users\unipoint\Downloads\sts-4.19.0.RELEASE\plugins\org.eclipse.justj.openjdk.hotspot.jre.full.win32.x86_64_17.0.7.v20230425-1502\jre\bin\javaw.exe
0x00007ffe316f0000 - 0x00007ffe318e8000 	C:\WINDOWS\SYSTEM32\ntdll.dll
0x00007ffe31330000 - 0x00007ffe313ef000 	C:\WINDOWS\System32\KERNEL32.DLL
0x00007ffe2f000000 - 0x00007ffe2f2d2000 	C:\WINDOWS\System32\KERNELBASE.dll
0x00007ffe2f610000 - 0x00007ffe2f710000 	C:\WINDOWS\System32\ucrtbase.dll
0x00007ffe0d2e0000 - 0x00007ffe0d2f7000 	C:\Users\unipoint\Downloads\sts-4.19.0.RELEASE\plugins\org.eclipse.justj.openjdk.hotspot.jre.full.win32.x86_64_17.0.7.v20230425-1502\jre\bin\jli.dll
0x00007ffe087c0000 - 0x00007ffe087d9000 	C:\Users\unipoint\Downloads\sts-4.19.0.RELEASE\plugins\org.eclipse.justj.openjdk.hotspot.jre.full.win32.x86_64_17.0.7.v20230425-1502\jre\bin\VCRUNTIME140.dll
0x00007ffe31100000 - 0x00007ffe312a1000 	C:\WINDOWS\System32\USER32.dll
0x00007ffe2f710000 - 0x00007ffe2f732000 	C:\WINDOWS\System32\win32u.dll
0x00007ffe2f8f0000 - 0x00007ffe2f91b000 	C:\WINDOWS\System32\GDI32.dll
0x00007ffe1d160000 - 0x00007ffe1d3fa000 	C:\WINDOWS\WinSxS\amd64_microsoft.windows.common-controls_6595b64144ccf1df_6.0.19041.1110_none_60b5254171f9507e\COMCTL32.dll
0x00007ffe30ec0000 - 0x00007ffe30f5e000 	C:\WINDOWS\System32\msvcrt.dll
0x00007ffe2f440000 - 0x00007ffe2f54f000 	C:\WINDOWS\System32\gdi32full.dll
0x00007ffe2ee60000 - 0x00007ffe2eefd000 	C:\WINDOWS\System32\msvcp_win.dll
0x00007ffe30b30000 - 0x00007ffe30b60000 	C:\WINDOWS\System32\IMM32.DLL
0x00007ffe0f1a0000 - 0x00007ffe0f1ac000 	C:\Users\unipoint\Downloads\sts-4.19.0.RELEASE\plugins\org.eclipse.justj.openjdk.hotspot.jre.full.win32.x86_64_17.0.7.v20230425-1502\jre\bin\vcruntime140_1.dll
0x00007ffe084b0000 - 0x00007ffe08541000 	C:\Users\unipoint\Downloads\sts-4.19.0.RELEASE\plugins\org.eclipse.justj.openjdk.hotspot.jre.full.win32.x86_64_17.0.7.v20230425-1502\jre\bin\msvcp140.dll
0x00007ffddfda0000 - 0x00007ffde09e8000 	C:\Users\unipoint\Downloads\sts-4.19.0.RELEASE\plugins\org.eclipse.justj.openjdk.hotspot.jre.full.win32.x86_64_17.0.7.v20230425-1502\jre\bin\server\jvm.dll
0x00007ffe30d60000 - 0x00007ffe30e0e000 	C:\WINDOWS\System32\ADVAPI32.dll
0x00007ffe2fd90000 - 0x00007ffe2fe2c000 	C:\WINDOWS\System32\sechost.dll
0x00007ffe302b0000 - 0x00007ffe303d4000 	C:\WINDOWS\System32\RPCRT4.dll
0x00007ffe28520000 - 0x00007ffe28529000 	C:\WINDOWS\SYSTEM32\WSOCK32.dll
0x00007ffe0d370000 - 0x00007ffe0d397000 	C:\WINDOWS\SYSTEM32\WINMM.dll
0x00007ffe30b60000 - 0x00007ffe30bcb000 	C:\WINDOWS\System32\WS2_32.dll
0x00007ffe27d40000 - 0x00007ffe27d4a000 	C:\WINDOWS\SYSTEM32\VERSION.dll
0x00007ffe2ccb0000 - 0x00007ffe2ccc2000 	C:\WINDOWS\SYSTEM32\kernel.appcore.dll
0x00007ffe0e880000 - 0x00007ffe0e88a000 	C:\Users\unipoint\Downloads\sts-4.19.0.RELEASE\plugins\org.eclipse.justj.openjdk.hotspot.jre.full.win32.x86_64_17.0.7.v20230425-1502\jre\bin\jimage.dll
0x00007ffe16d00000 - 0x00007ffe16ee4000 	C:\WINDOWS\SYSTEM32\DBGHELP.DLL
0x00007ffe16c70000 - 0x00007ffe16ca5000 	C:\WINDOWS\SYSTEM32\dbgcore.DLL
0x00007ffe2f580000 - 0x00007ffe2f602000 	C:\WINDOWS\System32\bcryptPrimitives.dll
0x00007ffe0cc70000 - 0x00007ffe0cc95000 	C:\Users\unipoint\Downloads\sts-4.19.0.RELEASE\plugins\org.eclipse.justj.openjdk.hotspot.jre.full.win32.x86_64_17.0.7.v20230425-1502\jre\bin\java.dll
0x00007ffe0e7f0000 - 0x00007ffe0e808000 	C:\Users\unipoint\Downloads\sts-4.19.0.RELEASE\plugins\org.eclipse.justj.openjdk.hotspot.jre.full.win32.x86_64_17.0.7.v20230425-1502\jre\bin\zip.dll
0x00007ffe303e0000 - 0x00007ffe30b25000 	C:\WINDOWS\System32\SHELL32.dll
0x00007ffe2ceb0000 - 0x00007ffe2d642000 	C:\WINDOWS\SYSTEM32\windows.storage.dll
0x00007ffe2fe90000 - 0x00007ffe301e5000 	C:\WINDOWS\System32\combase.dll
0x00007ffe2e770000 - 0x00007ffe2e7a0000 	C:\WINDOWS\SYSTEM32\Wldp.dll
0x00007ffe30bd0000 - 0x00007ffe30c7d000 	C:\WINDOWS\System32\SHCORE.dll
0x00007ffe301f0000 - 0x00007ffe30245000 	C:\WINDOWS\System32\shlwapi.dll
0x00007ffe2ed30000 - 0x00007ffe2ed4f000 	C:\WINDOWS\SYSTEM32\profapi.dll
0x00007ffe088d0000 - 0x00007ffe088e9000 	C:\Users\unipoint\Downloads\sts-4.19.0.RELEASE\plugins\org.eclipse.justj.openjdk.hotspot.jre.full.win32.x86_64_17.0.7.v20230425-1502\jre\bin\net.dll
0x00007ffe1ecd0000 - 0x00007ffe1edda000 	C:\WINDOWS\SYSTEM32\WINHTTP.dll
0x00007ffe2e4d0000 - 0x00007ffe2e53a000 	C:\WINDOWS\system32\mswsock.dll
0x00007ffe085a0000 - 0x00007ffe085b5000 	C:\Users\unipoint\Downloads\sts-4.19.0.RELEASE\plugins\org.eclipse.justj.openjdk.hotspot.jre.full.win32.x86_64_17.0.7.v20230425-1502\jre\bin\nio.dll
0x00007ffe0db70000 - 0x00007ffe0db79000 	C:\Users\unipoint\Downloads\sts-4.19.0.RELEASE\plugins\org.eclipse.justj.openjdk.hotspot.jre.full.win32.x86_64_17.0.7.v20230425-1502\jre\bin\management.dll
0x00007ffe0cc10000 - 0x00007ffe0cc1b000 	C:\Users\unipoint\Downloads\sts-4.19.0.RELEASE\plugins\org.eclipse.justj.openjdk.hotspot.jre.full.win32.x86_64_17.0.7.v20230425-1502\jre\bin\management_ext.dll
0x00007ffe30f60000 - 0x00007ffe30f68000 	C:\WINDOWS\System32\PSAPI.DLL
0x00007ffdfb410000 - 0x00007ffdfb427000 	C:\WINDOWS\system32\napinsp.dll
0x00007ffdfb430000 - 0x00007ffdfb44b000 	C:\WINDOWS\system32\pnrpnsp.dll
0x00007ffe2a7f0000 - 0x00007ffe2a80d000 	C:\WINDOWS\system32\NLAapi.dll
0x00007ffe2e1c0000 - 0x00007ffe2e1fb000 	C:\WINDOWS\SYSTEM32\IPHLPAPI.DLL
0x00007ffe29d50000 - 0x00007ffe29d65000 	C:\WINDOWS\system32\wshbth.dll
0x00007ffe2e200000 - 0x00007ffe2e2cb000 	C:\WINDOWS\SYSTEM32\DNSAPI.dll
0x00007ffe315f0000 - 0x00007ffe315f8000 	C:\WINDOWS\System32\NSI.dll
0x00007ffe09120000 - 0x00007ffe09132000 	C:\WINDOWS\System32\winrnr.dll
0x00007ffe1d4a0000 - 0x00007ffe1d4aa000 	C:\Windows\System32\rasadhlp.dll
0x00007ffe1e410000 - 0x00007ffe1e490000 	C:\WINDOWS\System32\fwpuclnt.dll
0x00007ffe2f550000 - 0x00007ffe2f577000 	C:\WINDOWS\System32\bcrypt.dll
0x00007ffe2e6c0000 - 0x00007ffe2e6d8000 	C:\WINDOWS\SYSTEM32\CRYPTSP.dll
0x00007ffe2ddf0000 - 0x00007ffe2de24000 	C:\WINDOWS\system32\rsaenh.dll
0x00007ffe2ecb0000 - 0x00007ffe2ecde000 	C:\WINDOWS\SYSTEM32\USERENV.dll
0x00007ffe2e6e0000 - 0x00007ffe2e6ec000 	C:\WINDOWS\SYSTEM32\CRYPTBASE.dll
0x00007ffe206d0000 - 0x00007ffe206e7000 	C:\WINDOWS\SYSTEM32\dhcpcsvc6.DLL
0x00007ffe25a30000 - 0x00007ffe25a4d000 	C:\WINDOWS\SYSTEM32\dhcpcsvc.DLL
0x00007ffe0ba10000 - 0x00007ffe0ba1e000 	C:\Users\unipoint\Downloads\sts-4.19.0.RELEASE\plugins\org.eclipse.justj.openjdk.hotspot.jre.full.win32.x86_64_17.0.7.v20230425-1502\jre\bin\sunmscapi.dll
0x00007ffe2f2e0000 - 0x00007ffe2f436000 	C:\WINDOWS\System32\CRYPT32.dll
0x00007ffe2e7e0000 - 0x00007ffe2e807000 	C:\WINDOWS\SYSTEM32\ncrypt.dll
0x00007ffe2e7a0000 - 0x00007ffe2e7db000 	C:\WINDOWS\SYSTEM32\NTASN1.dll
0x00007ffe0e6c0000 - 0x00007ffe0e6d0000 	C:\Users\unipoint\Downloads\sts-4.19.0.RELEASE\plugins\org.eclipse.justj.openjdk.hotspot.jre.full.win32.x86_64_17.0.7.v20230425-1502\jre\bin\verify.dll
0x00007ffe09040000 - 0x00007ffe09047000 	C:\WINDOWS\system32\wshunix.dll

dbghelp: loaded successfully - version: 4.0.5 - missing functions: none
symbol engine: initialized successfully - sym options: 0x614 - pdb path: .;C:\Users\unipoint\Downloads\sts-4.19.0.RELEASE\plugins\org.eclipse.justj.openjdk.hotspot.jre.full.win32.x86_64_17.0.7.v20230425-1502\jre\bin;C:\WINDOWS\SYSTEM32;C:\WINDOWS\WinSxS\amd64_microsoft.windows.common-controls_6595b64144ccf1df_6.0.19041.1110_none_60b5254171f9507e;C:\Users\unipoint\Downloads\sts-4.19.0.RELEASE\plugins\org.eclipse.justj.openjdk.hotspot.jre.full.win32.x86_64_17.0.7.v20230425-1502\jre\bin\server

VM Arguments:
jvm_args: -Dcom.sun.management.jmxremote -Dcom.sun.management.jmxremote.port=49490 -Dcom.sun.management.jmxremote.authenticate=false -Dcom.sun.management.jmxremote.ssl=false -Djava.rmi.server.hostname=localhost -Dspring.jmx.enabled=true -Dmanagement.endpoints.jmx.exposure.include=* -Dspring.application.admin.enabled=true -XX:TieredStopAtLevel=1 -Dspring.boot.project.name=shin -Dfile.encoding=UTF-8 -XX:+ShowCodeDetailsInExceptionMessages 
java_command: com.example.shin.ShinApplication --spring.output.ansi.enabled=always
java_class_path (initial): C:\Users\unipoint\Documents\workspace-spring-tool-suite-4-4.19.0.RELEASE\shin\bin\main;C:\Users\unipoint\.gradle\caches\modules-2\files-2.1\org.projectlombok\lombok\1.18.28\a2ff5da8bcd8b1b26f36b806ced63213362c6dcc\lombok-1.18.28.jar;C:\Users\unipoint\.gradle\caches\modules-2\files-2.1\org.springframework.boot\spring-boot-configuration-processor\3.1.1\aa13cb8ae0314bb67f9c75e66042a7001b5e406c\spring-boot-configuration-processor-3.1.1.jar;C:\Users\unipoint\.gradle\caches\modules-2\files-2.1\org.springframework.boot\spring-boot-starter-data-jpa\3.1.1\f129ea070d7d7152c984189301dc751be45f9a38\spring-boot-starter-data-jpa-3.1.1.jar;C:\Users\unipoint\.gradle\caches\modules-2\files-2.1\org.springframework.boot\spring-boot-starter-thymeleaf\3.1.1\69e351b19ee4fa37ff7cb851354498a880b5a937\spring-boot-starter-thymeleaf-3.1.1.jar;C:\Users\unipoint\.gradle\caches\modules-2\files-2.1\org.springframework.boot\spring-boot-starter-web\3.1.1\f2c2d9e35430e4b4a98ad91780bb9b2d1deec08\spring-boot-starter-web-3.1.1.jar;C:\Users\unipoint\.gradle\caches\modules-2\files-2.1\org.mybatis.spring.boot\mybatis-spring-boot-starter\3.0.2\ce77d2e35909ee4dc2d4371f18b7d2b937f2883e\mybatis-spring-boot-starter-3.0.2.jar;C:\Users\unipoint\.gradle\caches\modules-2\files-2.1\nz.net.ultraq.thymeleaf\thymeleaf-layout-dialect\3.2.1\526f2e950a4d67ea49198f9ea5b4ec303ed002c2\thymeleaf-layout-dialect-3.2.1.jar;C:\Users\unipoint\.gradle\caches\modules-2\files-2.1\org.apache.tomcat.embed\tomcat-embed-jasper\10.1.10\ead0c076eee307b101d8895df9f079c0981352e7\tomcat-embed-jasper-10.1.10.jar;C:\Users\unipoint\.gradle\caches\modules-2\files-2.1\org.mariadb.jdbc\mariadb-java-client\3.1.4\7f66d1f5afcacdb11ba34d2614933a206afbcff2\mariadb-java-client-3.1.4.jar;C:\Users\unipoint\.gradle\caches\modules-2\files-2.1\org.springframework.boot\spring-boot-starter-aop\3.1.1\f72362878ded668b8c3a12f8465ced98ef3fb188\spring-boot-starter-aop-3.1.1.jar;C:\Users\unipoint\.gradle\caches\modules-2\files-2.1\org.sp
Launcher Type: SUN_STANDARD

[Global flags]
     intx CICompilerCount                          = 3                                         {product} {ergonomic}
     uint ConcGCThreads                            = 1                                         {product} {ergonomic}
     uint G1ConcRefinementThreads                  = 4                                         {product} {ergonomic}
   size_t G1HeapRegionSize                         = 1048576                                   {product} {ergonomic}
    uintx GCDrainStackTargetSize                   = 64                                        {product} {ergonomic}
   size_t InitialHeapSize                          = 132120576                                 {product} {ergonomic}
     bool ManagementServer                         = true                                      {product} {command line}
   size_t MarkStackSize                            = 4194304                                   {product} {ergonomic}
   size_t MaxHeapSize                              = 2109734912                                {product} {ergonomic}
   size_t MaxNewSize                               = 1265631232                                {product} {ergonomic}
   size_t MinHeapDeltaBytes                        = 1048576                                   {product} {ergonomic}
   size_t MinHeapSize                              = 8388608                                   {product} {ergonomic}
    uintx NonProfiledCodeHeapSize                  = 0                                      {pd product} {ergonomic}
     bool ProfileInterpreter                       = false                                  {pd product} {command line}
    uintx ProfiledCodeHeapSize                     = 0                                      {pd product} {ergonomic}
     bool ShowCodeDetailsInExceptionMessages       = true                                   {manageable} {command line}
   size_t SoftMaxHeapSize                          = 2109734912                             {manageable} {ergonomic}
     intx TieredStopAtLevel                        = 1                                         {product} {command line}
     bool UseCompressedClassPointers               = true                           {product lp64_product} {ergonomic}
     bool UseCompressedOops                        = true                           {product lp64_product} {ergonomic}
     bool UseG1GC                                  = true                                      {product} {ergonomic}
     bool UseLargePagesIndividualAllocation        = false                                  {pd product} {ergonomic}

Logging:
Log output configuration:
 #0: stdout all=warning uptime,level,tags
 #1: stderr all=off uptime,level,tags

Environment Variables:
JAVA_HOME=C:\Program Files\Java\jdk-15.0.2
PATH=C:/Users/unipoint/Downloads/sts-4.19.0.RELEASE//plugins/org.eclipse.justj.openjdk.hotspot.jre.full.win32.x86_64_17.0.7.v20230425-1502/jre/bin/server;C:/Users/unipoint/Downloads/sts-4.19.0.RELEASE//plugins/org.eclipse.justj.openjdk.hotspot.jre.full.win32.x86_64_17.0.7.v20230425-1502/jre/bin;C:\Program Files\Common Files\Oracle\Java\javapath;C:\WINDOWS\system32;C:\WINDOWS;C:\WINDOWS\System32\Wbem;C:\WINDOWS\System32\WindowsPowerShell\v1.0\;C:\WINDOWS\System32\OpenSSH\;C:\Program Files\Git\cmd;C:\Program Files (x86)\PuTTY\;C:\dev_util\apache-maven-3.2.5\bin;C:\Program Files\Java\jdk-15.0.2\bin;C:\Users\unipoint\AppData\Local\Microsoft\WindowsApps;C:\Program Files (x86)\IDM Computer Solutions\UltraEdit\;C:\Users\unipoint\Downloads\sts-4.19.0.RELEASE;
USERNAME=unipoint
OS=Windows_NT
PROCESSOR_IDENTIFIER=Intel64 Family 6 Model 78 Stepping 3, GenuineIntel
TMP=C:\Users\unipoint\AppData\Local\Temp
TEMP=C:\Users\unipoint\AppData\Local\Temp



---------------  S Y S T E M  ---------------

OS:
 Windows 10 , 64 bit Build 19041 (10.0.19041.2546)
OS uptime: 105 days 3:32 hours

CPU: total 4 (initial active 4) (2 cores per cpu, 2 threads per core) family 6 model 78 stepping 3 microcode 0xcc, cx8, cmov, fxsr, ht, mmx, 3dnowpref, sse, sse2, sse3, ssse3, sse4.1, sse4.2, popcnt, lzcnt, tsc, tscinvbit, avx, avx2, aes, erms, clmul, bmi1, bmi2, adx, fma, vzeroupper, clflush, clflushopt

Memory: 4k page, system-wide physical 8045M (398M free)
TotalPageFile size 23226M (AvailPageFile size 0M)
current process WorkingSet (physical memory assigned to process): 238M, peak: 260M
current process commit charge ("private bytes"): 383M, peak: 384M

vm_info: OpenJDK 64-Bit Server VM (17.0.7+7) for windows-amd64 JRE (17.0.7+7), built on Apr 18 2023 22:10:42 by "temurin" with MS VC++ 16.7 (VS2019)

END.
